# JRE version: OpenJDK Runtime Environment (8.0_242-b01) (build 1.8.0_242-release-1644-b01)
# Java VM: OpenJDK 64-Bit Server VM (25.242-b01 mixed mode windows-amd64 compressed oops)
Heap:
 PSYoungGen      total 342016K, used 107859K [0x00000000e0000000, 0x00000000fc080000, 0x0000000100000000)
  eden space 325632K, 28% used [0x00000000e0000000,0x00000000e595c8c0,0x00000000f3e00000)
  from space 16384K, 99% used [0x00000000f3e00000,0x00000000f4df86f8,0x00000000f4e00000)
  to   space 23040K, 0% used [0x00000000faa00000,0x00000000faa1c010,0x00000000fc080000)
 ParOldGen       total 137216K, used 76560K [0x00000000a0000000, 0x00000000a8600000, 0x00000000e0000000)
  object space 137216K, 55% used [0x00000000a0000000,0x00000000a4ac6240,0x00000000a8600000)
 Metaspace       used 90280K, capacity 94854K, committed 94936K, reserved 1134592K
  class space    used 12024K, capacity 12998K, committed 13056K, reserved 1048576K
GC Heap History (10 events):
Event: 12.352 GC heap before
{Heap before GC invocations=10 (full 2):
 PSYoungGen      total 206848K, used 193536K [0x00000000e0000000, 0x00000000f5e00000, 0x0000000100000000)
  eden space 193536K, 100% used [0x00000000e0000000,0x00000000ebd00000,0x00000000ebd00000)
  from space 13312K, 0% used [0x00000000ebd00000,0x00000000ebd00000,0x00000000eca00000)
  to   space 13824K, 0% used [0x00000000f5080000,0x00000000f5080000,0x00000000f5e00000)
 ParOldGen       total 92672K, used 16924K [0x00000000a0000000, 0x00000000a5a80000, 0x00000000e0000000)
  object space 92672K, 18% used [0x00000000a0000000,0x00000000a1087320,0x00000000a5a80000)
 Metaspace       used 42315K, capacity 44398K, committed 44632K, reserved 1087488K
  class space    used 5712K, capacity 6182K, committed 6272K, reserved 1048576K
Event: 12.372 GC heap after
Heap after GC invocations=10 (full 2):
 PSYoungGen      total 325632K, used 13798K [0x00000000e0000000, 0x00000000f5e00000, 0x0000000100000000)
  eden space 311808K, 0% used [0x00000000e0000000,0x00000000e0000000,0x00000000f3080000)
  from space 13824K, 99% used [0x00000000f5080000,0x00000000f5df9b38,0x00000000f5e00000)
  to   space 16384K, 0% used [0x00000000f3e00000,0x00000000f3e00000,0x00000000f4e00000)
 ParOldGen       total 92672K, used 19195K [0x00000000a0000000, 0x00000000a5a80000, 0x00000000e0000000)
  object space 92672K, 20% used [0x00000000a0000000,0x00000000a12bed28,0x00000000a5a80000)
 Metaspace       used 42315K, capacity 44398K, committed 44632K, reserved 1087488K
  class space    used 5712K, capacity 6182K, committed 6272K, reserved 1048576K
}
Event: 99.734 GC heap before
{Heap before GC invocations=11 (full 2):
 PSYoungGen      total 325632K, used 190224K [0x00000000e0000000, 0x00000000f5e00000, 0x0000000100000000)
  eden space 311808K, 56% used [0x00000000e0000000,0x00000000eac4a7a8,0x00000000f3080000)
  from space 13824K, 99% used [0x00000000f5080000,0x00000000f5df9b38,0x00000000f5e00000)
  to   space 16384K, 0% used [0x00000000f3e00000,0x00000000f3e00000,0x00000000f4e00000)
 ParOldGen       total 92672K, used 19195K [0x00000000a0000000, 0x00000000a5a80000, 0x00000000e0000000)
  object space 92672K, 20% used [0x00000000a0000000,0x00000000a12bed28,0x00000000a5a80000)
 Metaspace       used 56543K, capacity 58908K, committed 59028K, reserved 1099776K
  class space    used 7380K, capacity 7898K, committed 7936K, reserved 1048576K
Event: 99.765 GC heap after
Heap after GC invocations=11 (full 2):
 PSYoungGen      total 342016K, used 16373K [0x00000000e0000000, 0x00000000fc080000, 0x0000000100000000)
  eden space 325632K, 0% used [0x00000000e0000000,0x00000000e0000000,0x00000000f3e00000)
  from space 16384K, 99% used [0x00000000f3e00000,0x00000000f4dfd400,0x00000000f4e00000)
  to   space 23040K, 0% used [0x00000000faa00000,0x00000000faa00000,0x00000000fc080000)
 ParOldGen       total 92672K, used 30146K [0x00000000a0000000, 0x00000000a5a80000, 0x00000000e0000000)
  object space 92672K, 32% used [0x00000000a0000000,0x00000000a1d709f8,0x00000000a5a80000)
 Metaspace       used 56543K, capacity 58908K, committed 59028K, reserved 1099776K
  class space    used 7380K, capacity 7898K, committed 7936K, reserved 1048576K
}
Event: 99.765 GC heap before
{Heap before GC invocations=12 (full 3):
 PSYoungGen      total 342016K, used 16373K [0x00000000e0000000, 0x00000000fc080000, 0x0000000100000000)
  eden space 325632K, 0% used [0x00000000e0000000,0x00000000e0000000,0x00000000f3e00000)
  from space 16384K, 99% used [0x00000000f3e00000,0x00000000f4dfd400,0x00000000f4e00000)
  to   space 23040K, 0% used [0x00000000faa00000,0x00000000faa00000,0x00000000fc080000)
 ParOldGen       total 92672K, used 30146K [0x00000000a0000000, 0x00000000a5a80000, 0x00000000e0000000)
  object space 92672K, 32% used [0x00000000a0000000,0x00000000a1d709f8,0x00000000a5a80000)
 Metaspace       used 56543K, capacity 58908K, committed 59028K, reserved 1099776K
  class space    used 7380K, capacity 7898K, committed 7936K, reserved 1048576K
Event: 100.054 GC heap after
Heap after GC invocations=12 (full 3):
 PSYoungGen      total 342016K, used 0K [0x00000000e0000000, 0x00000000fc080000, 0x0000000100000000)
  eden space 325632K, 0% used [0x00000000e0000000,0x00000000e0000000,0x00000000f3e00000)
  from space 16384K, 0% used [0x00000000f3e00000,0x00000000f3e00000,0x00000000f4e00000)
  to   space 23040K, 0% used [0x00000000faa00000,0x00000000faa00000,0x00000000fc080000)
 ParOldGen       total 137216K, used 39719K [0x00000000a0000000, 0x00000000a8600000, 0x00000000e0000000)
  object space 137216K, 28% used [0x00000000a0000000,0x00000000a26c9e08,0x00000000a8600000)
 Metaspace       used 56514K, capacity 58824K, committed 59028K, reserved 1099776K
  class space    used 7371K, capacity 7882K, committed 7936K, reserved 1048576K
}
Event: 104.719 GC heap before
{Heap before GC invocations=13 (full 3):
 PSYoungGen      total 342016K, used 325632K [0x00000000e0000000, 0x00000000fc080000, 0x0000000100000000)
  eden space 325632K, 100% used [0x00000000e0000000,0x00000000f3e00000,0x00000000f3e00000)
  from space 16384K, 0% used [0x00000000f3e00000,0x00000000f3e00000,0x00000000f4e00000)
  to   space 23040K, 0% used [0x00000000faa00000,0x00000000faa00000,0x00000000fc080000)
 ParOldGen       total 137216K, used 39719K [0x00000000a0000000, 0x00000000a8600000, 0x00000000e0000000)
  object space 137216K, 28% used [0x00000000a0000000,0x00000000a26c9e08,0x00000000a8600000)
 Metaspace       used 74569K, capacity 77826K, committed 77912K, reserved 1116160K
  class space    used 10121K, capacity 10796K, committed 10880K, reserved 1048576K
Event: 104.782 GC heap after
Heap after GC invocations=13 (full 3):
 PSYoungGen      total 348672K, used 23038K [0x00000000e0000000, 0x00000000fc080000, 0x0000000100000000)
  eden space 325632K, 0% used [0x00000000e0000000,0x00000000e0000000,0x00000000f3e00000)
  from space 23040K, 99% used [0x00000000faa00000,0x00000000fc07f968,0x00000000fc080000)
  to   space 16384K, 0% used [0x00000000f3e00000,0x00000000f3e00000,0x00000000f4e00000)
 ParOldGen       total 137216K, used 47601K [0x00000000a0000000, 0x00000000a8600000, 0x00000000e0000000)
  object space 137216K, 34% used [0x00000000a0000000,0x00000000a2e7c4d8,0x00000000a8600000)
 Metaspace       used 74569K, capacity 77826K, committed 77912K, reserved 1116160K
  class space    used 10121K, capacity 10796K, committed 10880K, reserved 1048576K
}
Event: 109.543 GC heap before
{Heap before GC invocations=14 (full 3):
 PSYoungGen      total 348672K, used 348670K [0x00000000e0000000, 0x00000000fc080000, 0x0000000100000000)
  eden space 325632K, 100% used [0x00000000e0000000,0x00000000f3e00000,0x00000000f3e00000)
  from space 23040K, 99% used [0x00000000faa00000,0x00000000fc07f968,0x00000000fc080000)
  to   space 16384K, 0% used [0x00000000f3e00000,0x00000000f3e00000,0x00000000f4e00000)
 ParOldGen       total 137216K, used 47601K [0x00000000a0000000, 0x00000000a8600000, 0x00000000e0000000)
  object space 137216K, 34% used [0x00000000a0000000,0x00000000a2e7c4d8,0x00000000a8600000)
 Metaspace       used 83717K, capacity 87910K, committed 88152K, reserved 1126400K
  class space    used 11288K, capacity 12152K, committed 12160K, reserved 1048576K
Event: 109.621 GC heap after
Heap after GC invocations=14 (full 3):
 PSYoungGen      total 342016K, used 16353K [0x00000000e0000000, 0x00000000fc080000, 0x0000000100000000)
  eden space 325632K, 0% used [0x00000000e0000000,0x00000000e0000000,0x00000000f3e00000)
  from space 16384K, 99% used [0x00000000f3e00000,0x00000000f4df86f8,0x00000000f4e00000)
  to   space 23040K, 0% used [0x00000000faa00000,0x00000000faa00000,0x00000000fc080000)
 ParOldGen       total 137216K, used 75652K [0x00000000a0000000, 0x00000000a8600000, 0x00000000e0000000)
  object space 137216K, 55% used [0x00000000a0000000,0x00000000a49e1230,0x00000000a8600000)
 Metaspace       used 83717K, capacity 87910K, committed 88152K, reserved 1126400K
  class space    used 11288K, capacity 12152K, committed 12160K, reserved 1048576K
}

