# JRE version: OpenJDK Runtime Environment (8.0_242-b01) (build 1.8.0_242-release-1644-b01)
# Java VM: OpenJDK 64-Bit Server VM (25.242-b01 mixed mode windows-amd64 compressed oops)
Heap:
 PSYoungGen      total 292864K, used 213924K [0x00000000e0000000, 0x00000000f4100000, 0x0000000100000000)
  eden space 268288K, 70% used [0x00000000e0000000,0x00000000eb8ed358,0x00000000f0600000)
  from space 24576K, 99% used [0x00000000f2380000,0x00000000f3b7bd70,0x00000000f3b80000)
  to   space 30208K, 0% used [0x00000000f0600000,0x00000000f0600000,0x00000000f2380000)
 ParOldGen       total 147968K, used 47437K [0x00000000a0000000, 0x00000000a9080000, 0x00000000e0000000)
  object space 147968K, 32% used [0x00000000a0000000,0x00000000a2e53798,0x00000000a9080000)
 Metaspace       used 83461K, capacity 87512K, committed 87640K, reserved 1124352K
  class space    used 11230K, capacity 12052K, committed 12160K, reserved 1048576K
GC Heap History (10 events):
Event: 8.366 GC heap before
{Heap before GC invocations=11 (full 2):
 PSYoungGen      total 178688K, used 166400K [0x00000000e0000000, 0x00000000ebc80000, 0x0000000100000000)
  eden space 166400K, 100% used [0x00000000e0000000,0x00000000ea280000,0x00000000ea280000)
  from space 12288K, 0% used [0x00000000eb080000,0x00000000eb080000,0x00000000ebc80000)
  to   space 13312K, 0% used [0x00000000ea280000,0x00000000ea280000,0x00000000eaf80000)
 ParOldGen       total 93184K, used 14830K [0x00000000a0000000, 0x00000000a5b00000, 0x00000000e0000000)
  object space 93184K, 15% used [0x00000000a0000000,0x00000000a0e7bb68,0x00000000a5b00000)
 Metaspace       used 39955K, capacity 41838K, committed 42072K, reserved 1085440K
  class space    used 5485K, capacity 5910K, committed 6016K, reserved 1048576K
Event: 8.390 GC heap after
Heap after GC invocations=11 (full 2):
 PSYoungGen      total 179712K, used 13287K [0x00000000e0000000, 0x00000000ef800000, 0x0000000100000000)
  eden space 166400K, 0% used [0x00000000e0000000,0x00000000e0000000,0x00000000ea280000)
  from space 13312K, 99% used [0x00000000ea280000,0x00000000eaf79d08,0x00000000eaf80000)
  to   space 15360K, 0% used [0x00000000ee900000,0x00000000ee900000,0x00000000ef800000)
 ParOldGen       total 93184K, used 15184K [0x00000000a0000000, 0x00000000a5b00000, 0x00000000e0000000)
  object space 93184K, 16% used [0x00000000a0000000,0x00000000a0ed4058,0x00000000a5b00000)
 Metaspace       used 39955K, capacity 41838K, committed 42072K, reserved 1085440K
  class space    used 5485K, capacity 5910K, committed 6016K, reserved 1048576K
}
Event: 10.825 GC heap before
{Heap before GC invocations=12 (full 2):
 PSYoungGen      total 179712K, used 167204K [0x00000000e0000000, 0x00000000ef800000, 0x0000000100000000)
  eden space 166400K, 92% used [0x00000000e0000000,0x00000000e964f498,0x00000000ea280000)
  from space 13312K, 99% used [0x00000000ea280000,0x00000000eaf79d08,0x00000000eaf80000)
  to   space 15360K, 0% used [0x00000000ee900000,0x00000000ee900000,0x00000000ef800000)
 ParOldGen       total 93184K, used 15184K [0x00000000a0000000, 0x00000000a5b00000, 0x00000000e0000000)
  object space 93184K, 16% used [0x00000000a0000000,0x00000000a0ed4058,0x00000000a5b00000)
 Metaspace       used 56568K, capacity 58898K, committed 59028K, reserved 1099776K
  class space    used 7409K, capacity 7901K, committed 7936K, reserved 1048576K
Event: 10.863 GC heap after
Heap after GC invocations=12 (full 2):
 PSYoungGen      total 231936K, used 15356K [0x00000000e0000000, 0x00000000f0000000, 0x0000000100000000)
  eden space 216576K, 0% used [0x00000000e0000000,0x00000000e0000000,0x00000000ed380000)
  from space 15360K, 99% used [0x00000000ee900000,0x00000000ef7ff3e0,0x00000000ef800000)
  to   space 22016K, 0% used [0x00000000ed380000,0x00000000ed380000,0x00000000ee900000)
 ParOldGen       total 93184K, used 27572K [0x00000000a0000000, 0x00000000a5b00000, 0x00000000e0000000)
  object space 93184K, 29% used [0x00000000a0000000,0x00000000a1aed010,0x00000000a5b00000)
 Metaspace       used 56568K, capacity 58898K, committed 59028K, reserved 1099776K
  class space    used 7409K, capacity 7901K, committed 7936K, reserved 1048576K
}
Event: 10.863 GC heap before
{Heap before GC invocations=13 (full 3):
 PSYoungGen      total 231936K, used 15356K [0x00000000e0000000, 0x00000000f0000000, 0x0000000100000000)
  eden space 216576K, 0% used [0x00000000e0000000,0x00000000e0000000,0x00000000ed380000)
  from space 15360K, 99% used [0x00000000ee900000,0x00000000ef7ff3e0,0x00000000ef800000)
  to   space 22016K, 0% used [0x00000000ed380000,0x00000000ed380000,0x00000000ee900000)
 ParOldGen       total 93184K, used 27572K [0x00000000a0000000, 0x00000000a5b00000, 0x00000000e0000000)
  object space 93184K, 29% used [0x00000000a0000000,0x00000000a1aed010,0x00000000a5b00000)
 Metaspace       used 56568K, capacity 58898K, committed 59028K, reserved 1099776K
  class space    used 7409K, capacity 7901K, committed 7936K, reserved 1048576K
Event: 11.163 GC heap after
Heap after GC invocations=13 (full 3):
 PSYoungGen      total 231936K, used 0K [0x00000000e0000000, 0x00000000f0000000, 0x0000000100000000)
  eden space 216576K, 0% used [0x00000000e0000000,0x00000000e0000000,0x00000000ed380000)
  from space 15360K, 0% used [0x00000000ee900000,0x00000000ee900000,0x00000000ef800000)
  to   space 22016K, 0% used [0x00000000ed380000,0x00000000ed380000,0x00000000ee900000)
 ParOldGen       total 147968K, used 41351K [0x00000000a0000000, 0x00000000a9080000, 0x00000000e0000000)
  object space 147968K, 27% used [0x00000000a0000000,0x00000000a2861e38,0x00000000a9080000)
 Metaspace       used 56520K, capacity 58738K, committed 59028K, reserved 1099776K
  class space    used 7395K, capacity 7881K, committed 7936K, reserved 1048576K
}
Event: 14.226 GC heap before
{Heap before GC invocations=14 (full 3):
 PSYoungGen      total 231936K, used 216576K [0x00000000e0000000, 0x00000000f0000000, 0x0000000100000000)
  eden space 216576K, 100% used [0x00000000e0000000,0x00000000ed380000,0x00000000ed380000)
  from space 15360K, 0% used [0x00000000ee900000,0x00000000ee900000,0x00000000ef800000)
  to   space 22016K, 0% used [0x00000000ed380000,0x00000000ed380000,0x00000000ee900000)
 ParOldGen       total 147968K, used 41351K [0x00000000a0000000, 0x00000000a9080000, 0x00000000e0000000)
  object space 147968K, 27% used [0x00000000a0000000,0x00000000a2861e38,0x00000000a9080000)
 Metaspace       used 67411K, capacity 70226K, committed 70360K, reserved 1110016K
  class space    used 9064K, capacity 9643K, committed 9728K, reserved 1048576K
Event: 14.279 GC heap after
Heap after GC invocations=14 (full 3):
 PSYoungGen      total 238592K, used 20389K [0x00000000e0000000, 0x00000000f3b80000, 0x0000000100000000)
  eden space 216576K, 0% used [0x00000000e0000000,0x00000000e0000000,0x00000000ed380000)
  from space 22016K, 92% used [0x00000000ed380000,0x00000000ee7697d8,0x00000000ee900000)
  to   space 24576K, 0% used [0x00000000f2380000,0x00000000f2380000,0x00000000f3b80000)
 ParOldGen       total 147968K, used 41359K [0x00000000a0000000, 0x00000000a9080000, 0x00000000e0000000)
  object space 147968K, 27% used [0x00000000a0000000,0x00000000a2863e38,0x00000000a9080000)
 Metaspace       used 67411K, capacity 70226K, committed 70360K, reserved 1110016K
  class space    used 9064K, capacity 9643K, committed 9728K, reserved 1048576K
}
Event: 17.879 GC heap before
{Heap before GC invocations=15 (full 3):
 PSYoungGen      total 238592K, used 236965K [0x00000000e0000000, 0x00000000f3b80000, 0x0000000100000000)
  eden space 216576K, 100% used [0x00000000e0000000,0x00000000ed380000,0x00000000ed380000)
  from space 22016K, 92% used [0x00000000ed380000,0x00000000ee7697d8,0x00000000ee900000)
  to   space 24576K, 0% used [0x00000000f2380000,0x00000000f2380000,0x00000000f3b80000)
 ParOldGen       total 147968K, used 41359K [0x00000000a0000000, 0x00000000a9080000, 0x00000000e0000000)
  object space 147968K, 27% used [0x00000000a0000000,0x00000000a2863e38,0x00000000a9080000)
 Metaspace       used 77080K, capacity 80628K, committed 80856K, reserved 1118208K
  class space    used 10423K, capacity 11189K, committed 11264K, reserved 1048576K
Event: 17.925 GC heap after
Heap after GC invocations=15 (full 3):
 PSYoungGen      total 292864K, used 24559K [0x00000000e0000000, 0x00000000f4100000, 0x0000000100000000)
  eden space 268288K, 0% used [0x00000000e0000000,0x00000000e0000000,0x00000000f0600000)
  from space 24576K, 99% used [0x00000000f2380000,0x00000000f3b7bd70,0x00000000f3b80000)
  to   space 30208K, 0% used [0x00000000f0600000,0x00000000f0600000,0x00000000f2380000)
 ParOldGen       total 147968K, used 47437K [0x00000000a0000000, 0x00000000a9080000, 0x00000000e0000000)
  object space 147968K, 32% used [0x00000000a0000000,0x00000000a2e53798,0x00000000a9080000)
 Metaspace       used 77080K, capacity 80628K, committed 80856K, reserved 1118208K
  class space    used 10423K, capacity 11189K, committed 11264K, reserved 1048576K
}

