# JRE version: OpenJDK Runtime Environment (8.0_242-b01) (build 1.8.0_242-release-1644-b01)
# Java VM: OpenJDK 64-Bit Server VM (25.242-b01 mixed mode windows-amd64 compressed oops)
Heap:
 PSYoungGen      total 306688K, used 159752K [0x00000000e0000000, 0x00000000f4a80000, 0x0000000100000000)
  eden space 286720K, 48% used [0x00000000e0000000,0x00000000e8892810,0x00000000f1800000)
  from space 19968K, 99% used [0x00000000f3700000,0x00000000f4a6fbd0,0x00000000f4a80000)
  to   space 24576K, 0% used [0x00000000f1a80000,0x00000000f1a80000,0x00000000f3280000)
 ParOldGen       total 135680K, used 30667K [0x00000000a0000000, 0x00000000a8480000, 0x00000000e0000000)
  object space 135680K, 22% used [0x00000000a0000000,0x00000000a1df2ed0,0x00000000a8480000)
 Metaspace       used 74908K, capacity 77886K, committed 78168K, reserved 1116160K
  class space    used 10174K, capacity 10840K, committed 10880K, reserved 1048576K
GC Heap History (10 events):
Event: 9.190 GC heap before
{Heap before GC invocations=11 (full 2):
 PSYoungGen      total 171008K, used 157184K [0x00000000e0000000, 0x00000000eb780000, 0x0000000100000000)
  eden space 157184K, 100% used [0x00000000e0000000,0x00000000e9980000,0x00000000e9980000)
  from space 13824K, 0% used [0x00000000ea680000,0x00000000ea680000,0x00000000eb400000)
  to   space 13312K, 0% used [0x00000000e9980000,0x00000000e9980000,0x00000000ea680000)
 ParOldGen       total 99328K, used 15440K [0x00000000a0000000, 0x00000000a6100000, 0x00000000e0000000)
  object space 99328K, 15% used [0x00000000a0000000,0x00000000a0f141b8,0x00000000a6100000)
 Metaspace       used 40037K, capacity 42012K, committed 42328K, reserved 1085440K
  class space    used 5463K, capacity 5909K, committed 6016K, reserved 1048576K
Event: 9.219 GC heap after
Heap after GC invocations=11 (full 2):
 PSYoungGen      total 170496K, used 13015K [0x00000000e0000000, 0x00000000ee880000, 0x0000000100000000)
  eden space 157184K, 0% used [0x00000000e0000000,0x00000000e0000000,0x00000000e9980000)
  from space 13312K, 97% used [0x00000000e9980000,0x00000000ea635cd8,0x00000000ea680000)
  to   space 14848K, 0% used [0x00000000eda00000,0x00000000eda00000,0x00000000ee880000)
 ParOldGen       total 99328K, used 15440K [0x00000000a0000000, 0x00000000a6100000, 0x00000000e0000000)
  object space 99328K, 15% used [0x00000000a0000000,0x00000000a0f141b8,0x00000000a6100000)
 Metaspace       used 40037K, capacity 42012K, committed 42328K, reserved 1085440K
  class space    used 5463K, capacity 5909K, committed 6016K, reserved 1048576K
}
Event: 12.600 GC heap before
{Heap before GC invocations=12 (full 2):
 PSYoungGen      total 170496K, used 170199K [0x00000000e0000000, 0x00000000ee880000, 0x0000000100000000)
  eden space 157184K, 100% used [0x00000000e0000000,0x00000000e9980000,0x00000000e9980000)
  from space 13312K, 97% used [0x00000000e9980000,0x00000000ea635cd8,0x00000000ea680000)
  to   space 14848K, 0% used [0x00000000eda00000,0x00000000eda00000,0x00000000ee880000)
 ParOldGen       total 99328K, used 15440K [0x00000000a0000000, 0x00000000a6100000, 0x00000000e0000000)
  object space 99328K, 15% used [0x00000000a0000000,0x00000000a0f141b8,0x00000000a6100000)
 Metaspace       used 56522K, capacity 58868K, committed 59028K, reserved 1099776K
  class space    used 7398K, capacity 7934K, committed 7936K, reserved 1048576K
Event: 12.637 GC heap after
Heap after GC invocations=12 (full 2):
 PSYoungGen      total 216576K, used 14845K [0x00000000e0000000, 0x00000000ef100000, 0x0000000100000000)
  eden space 201728K, 0% used [0x00000000e0000000,0x00000000e0000000,0x00000000ec500000)
  from space 14848K, 99% used [0x00000000eda00000,0x00000000ee87f400,0x00000000ee880000)
  to   space 21504K, 0% used [0x00000000ec500000,0x00000000ec500000,0x00000000eda00000)
 ParOldGen       total 99328K, used 27999K [0x00000000a0000000, 0x00000000a6100000, 0x00000000e0000000)
  object space 99328K, 28% used [0x00000000a0000000,0x00000000a1b57f48,0x00000000a6100000)
 Metaspace       used 56522K, capacity 58868K, committed 59028K, reserved 1099776K
  class space    used 7398K, capacity 7934K, committed 7936K, reserved 1048576K
}
Event: 12.670 GC heap before
{Heap before GC invocations=13 (full 2):
 PSYoungGen      total 216576K, used 18616K [0x00000000e0000000, 0x00000000ef100000, 0x0000000100000000)
  eden space 201728K, 1% used [0x00000000e0000000,0x00000000e03aedf0,0x00000000ec500000)
  from space 14848K, 99% used [0x00000000eda00000,0x00000000ee87f400,0x00000000ee880000)
  to   space 21504K, 0% used [0x00000000ec500000,0x00000000ec500000,0x00000000eda00000)
 ParOldGen       total 99328K, used 27999K [0x00000000a0000000, 0x00000000a6100000, 0x00000000e0000000)
  object space 99328K, 28% used [0x00000000a0000000,0x00000000a1b57f48,0x00000000a6100000)
 Metaspace       used 56588K, capacity 58932K, committed 59028K, reserved 1099776K
  class space    used 7403K, capacity 7934K, committed 7936K, reserved 1048576K
Event: 12.691 GC heap after
Heap after GC invocations=13 (full 2):
 PSYoungGen      total 223232K, used 211K [0x00000000e0000000, 0x00000000f4c80000, 0x0000000100000000)
  eden space 201728K, 0% used [0x00000000e0000000,0x00000000e0000000,0x00000000ec500000)
  from space 21504K, 0% used [0x00000000ec500000,0x00000000ec534ef8,0x00000000eda00000)
  to   space 22016K, 0% used [0x00000000f3700000,0x00000000f3700000,0x00000000f4c80000)
 ParOldGen       total 99328K, used 42727K [0x00000000a0000000, 0x00000000a6100000, 0x00000000e0000000)
  object space 99328K, 43% used [0x00000000a0000000,0x00000000a29b9e58,0x00000000a6100000)
 Metaspace       used 56588K, capacity 58932K, committed 59028K, reserved 1099776K
  class space    used 7403K, capacity 7934K, committed 7936K, reserved 1048576K
}
Event: 12.691 GC heap before
{Heap before GC invocations=14 (full 3):
 PSYoungGen      total 223232K, used 211K [0x00000000e0000000, 0x00000000f4c80000, 0x0000000100000000)
  eden space 201728K, 0% used [0x00000000e0000000,0x00000000e0000000,0x00000000ec500000)
  from space 21504K, 0% used [0x00000000ec500000,0x00000000ec534ef8,0x00000000eda00000)
  to   space 22016K, 0% used [0x00000000f3700000,0x00000000f3700000,0x00000000f4c80000)
 ParOldGen       total 99328K, used 42727K [0x00000000a0000000, 0x00000000a6100000, 0x00000000e0000000)
  object space 99328K, 43% used [0x00000000a0000000,0x00000000a29b9e58,0x00000000a6100000)
 Metaspace       used 56588K, capacity 58932K, committed 59028K, reserved 1099776K
  class space    used 7403K, capacity 7934K, committed 7936K, reserved 1048576K
Event: 13.003 GC heap after
Heap after GC invocations=14 (full 3):
 PSYoungGen      total 223232K, used 0K [0x00000000e0000000, 0x00000000f4c80000, 0x0000000100000000)
  eden space 201728K, 0% used [0x00000000e0000000,0x00000000e0000000,0x00000000ec500000)
  from space 21504K, 0% used [0x00000000ec500000,0x00000000ec500000,0x00000000eda00000)
  to   space 22016K, 0% used [0x00000000f3700000,0x00000000f3700000,0x00000000f4c80000)
 ParOldGen       total 135680K, used 30659K [0x00000000a0000000, 0x00000000a8480000, 0x00000000e0000000)
  object space 135680K, 22% used [0x00000000a0000000,0x00000000a1df0ed0,0x00000000a8480000)
 Metaspace       used 56526K, capacity 58734K, committed 59028K, reserved 1099776K
  class space    used 7386K, capacity 7881K, committed 7936K, reserved 1048576K
}
Event: 16.129 GC heap before
{Heap before GC invocations=15 (full 3):
 PSYoungGen      total 223232K, used 201728K [0x00000000e0000000, 0x00000000f4c80000, 0x0000000100000000)
  eden space 201728K, 100% used [0x00000000e0000000,0x00000000ec500000,0x00000000ec500000)
  from space 21504K, 0% used [0x00000000ec500000,0x00000000ec500000,0x00000000eda00000)
  to   space 22016K, 0% used [0x00000000f3700000,0x00000000f3700000,0x00000000f4c80000)
 ParOldGen       total 135680K, used 30659K [0x00000000a0000000, 0x00000000a8480000, 0x00000000e0000000)
  object space 135680K, 22% used [0x00000000a0000000,0x00000000a1df0ed0,0x00000000a8480000)
 Metaspace       used 66961K, capacity 69652K, committed 69848K, reserved 1110016K
  class space    used 9015K, capacity 9605K, committed 9728K, reserved 1048576K
Event: 16.166 GC heap after
Heap after GC invocations=15 (full 3):
 PSYoungGen      total 306688K, used 19902K [0x00000000e0000000, 0x00000000f4a80000, 0x0000000100000000)
  eden space 286720K, 0% used [0x00000000e0000000,0x00000000e0000000,0x00000000f1800000)
  from space 19968K, 99% used [0x00000000f3700000,0x00000000f4a6fbd0,0x00000000f4a80000)
  to   space 24576K, 0% used [0x00000000f1a80000,0x00000000f1a80000,0x00000000f3280000)
 ParOldGen       total 135680K, used 30667K [0x00000000a0000000, 0x00000000a8480000, 0x00000000e0000000)
  object space 135680K, 22% used [0x00000000a0000000,0x00000000a1df2ed0,0x00000000a8480000)
 Metaspace       used 66961K, capacity 69652K, committed 69848K, reserved 1110016K
  class space    used 9015K, capacity 9605K, committed 9728K, reserved 1048576K
}

