# JRE version: OpenJDK Runtime Environment (8.0_242-b01) (build 1.8.0_242-release-1644-b01)
# Java VM: OpenJDK 64-Bit Server VM (25.242-b01 mixed mode windows-amd64 compressed oops)
Heap:
 PSYoungGen      total 280064K, used 228893K [0x0000000780800000, 0x0000000797a80000, 0x00000007c0000000)
  eden space 217600K, 93% used [0x0000000780800000,0x000000078cec14c0,0x000000078dc80000)
  from space 62464K, 40% used [0x000000078dc80000,0x000000078f546098,0x0000000791980000)
  to   space 59392K, 0% used [0x0000000794080000,0x0000000794080000,0x0000000797a80000)
 ParOldGen       total 295424K, used 90425K [0x0000000701800000, 0x0000000713880000, 0x0000000780800000)
  object space 295424K, 30% used [0x0000000701800000,0x000000070704e530,0x0000000713880000)
 Metaspace       used 62768K, capacity 64429K, committed 64664K, reserved 1105920K
  class space    used 7330K, capacity 7746K, committed 7832K, reserved 1048576K
GC Heap History (10 events):
Event: 13.648 GC heap before
{Heap before GC invocations=8 (full 2):
 PSYoungGen      total 134656K, used 134648K [0x0000000780800000, 0x000000078f100000, 0x00000007c0000000)
  eden space 126464K, 100% used [0x0000000780800000,0x0000000788380000,0x0000000788380000)
  from space 8192K, 99% used [0x0000000788380000,0x0000000788b7e058,0x0000000788b80000)
  to   space 33280K, 0% used [0x000000078d080000,0x000000078d080000,0x000000078f100000)
 ParOldGen       total 176128K, used 45233K [0x0000000701800000, 0x000000070c400000, 0x0000000780800000)
  object space 176128K, 25% used [0x0000000701800000,0x000000070442c7b8,0x000000070c400000)
 Metaspace       used 50967K, capacity 51865K, committed 52392K, reserved 1095680K
  class space    used 6027K, capacity 6288K, committed 6312K, reserved 1048576K
Event: 13.798 GC heap after
Heap after GC invocations=8 (full 2):
 PSYoungGen      total 196096K, used 33254K [0x0000000780800000, 0x0000000790400000, 0x00000007c0000000)
  eden space 162816K, 0% used [0x0000000780800000,0x0000000780800000,0x000000078a700000)
  from space 33280K, 99% used [0x000000078d080000,0x000000078f0f9970,0x000000078f100000)
  to   space 42496K, 0% used [0x000000078a700000,0x000000078a700000,0x000000078d080000)
 ParOldGen       total 176128K, used 51080K [0x0000000701800000, 0x000000070c400000, 0x0000000780800000)
  object space 176128K, 29% used [0x0000000701800000,0x00000007049e2290,0x000000070c400000)
 Metaspace       used 50967K, capacity 51865K, committed 52392K, reserved 1095680K
  class space    used 6027K, capacity 6288K, committed 6312K, reserved 1048576K
}
Event: 18.921 GC heap before
{Heap before GC invocations=9 (full 2):
 PSYoungGen      total 196096K, used 196070K [0x0000000780800000, 0x0000000790400000, 0x00000007c0000000)
  eden space 162816K, 100% used [0x0000000780800000,0x000000078a700000,0x000000078a700000)
  from space 33280K, 99% used [0x000000078d080000,0x000000078f0f9970,0x000000078f100000)
  to   space 42496K, 0% used [0x000000078a700000,0x000000078a700000,0x000000078d080000)
 ParOldGen       total 176128K, used 51080K [0x0000000701800000, 0x000000070c400000, 0x0000000780800000)
  object space 176128K, 29% used [0x0000000701800000,0x00000007049e2290,0x000000070c400000)
 Metaspace       used 54856K, capacity 55879K, committed 56360K, reserved 1099776K
  class space    used 6361K, capacity 6635K, committed 6696K, reserved 1048576K
Event: 19.066 GC heap after
Heap after GC invocations=9 (full 2):
 PSYoungGen      total 205312K, used 42477K [0x0000000780800000, 0x0000000795080000, 0x00000007c0000000)
  eden space 162816K, 0% used [0x0000000780800000,0x0000000780800000,0x000000078a700000)
  from space 42496K, 99% used [0x000000078a700000,0x000000078d07b4f0,0x000000078d080000)
  to   space 56320K, 0% used [0x0000000791980000,0x0000000791980000,0x0000000795080000)
 ParOldGen       total 176128K, used 63575K [0x0000000701800000, 0x000000070c400000, 0x0000000780800000)
  object space 176128K, 36% used [0x0000000701800000,0x0000000705615c38,0x000000070c400000)
 Metaspace       used 54856K, capacity 55879K, committed 56360K, reserved 1099776K
  class space    used 6361K, capacity 6635K, committed 6696K, reserved 1048576K
}
Event: 21.208 GC heap before
{Heap before GC invocations=10 (full 2):
 PSYoungGen      total 205312K, used 78508K [0x0000000780800000, 0x0000000795080000, 0x00000007c0000000)
  eden space 162816K, 22% used [0x0000000780800000,0x0000000782b2fee8,0x000000078a700000)
  from space 42496K, 99% used [0x000000078a700000,0x000000078d07b4f0,0x000000078d080000)
  to   space 56320K, 0% used [0x0000000791980000,0x0000000791980000,0x0000000795080000)
 ParOldGen       total 176128K, used 63575K [0x0000000701800000, 0x000000070c400000, 0x0000000780800000)
  object space 176128K, 36% used [0x0000000701800000,0x0000000705615c38,0x000000070c400000)
 Metaspace       used 57691K, capacity 58749K, committed 59160K, reserved 1101824K
  class space    used 6789K, capacity 7082K, committed 7192K, reserved 1048576K
Event: 21.311 GC heap after
Heap after GC invocations=10 (full 2):
 PSYoungGen      total 273920K, used 48663K [0x0000000780800000, 0x0000000796380000, 0x00000007c0000000)
  eden space 217600K, 0% used [0x0000000780800000,0x0000000780800000,0x000000078dc80000)
  from space 56320K, 86% used [0x0000000791980000,0x0000000794905f80,0x0000000795080000)
  to   space 62464K, 0% used [0x000000078dc80000,0x000000078dc80000,0x0000000791980000)
 ParOldGen       total 176128K, used 63583K [0x0000000701800000, 0x000000070c400000, 0x0000000780800000)
  object space 176128K, 36% used [0x0000000701800000,0x0000000705617c38,0x000000070c400000)
 Metaspace       used 57691K, capacity 58749K, committed 59160K, reserved 1101824K
  class space    used 6789K, capacity 7082K, committed 7192K, reserved 1048576K
}
Event: 21.311 GC heap before
{Heap before GC invocations=11 (full 3):
 PSYoungGen      total 273920K, used 48663K [0x0000000780800000, 0x0000000796380000, 0x00000007c0000000)
  eden space 217600K, 0% used [0x0000000780800000,0x0000000780800000,0x000000078dc80000)
  from space 56320K, 86% used [0x0000000791980000,0x0000000794905f80,0x0000000795080000)
  to   space 62464K, 0% used [0x000000078dc80000,0x000000078dc80000,0x0000000791980000)
 ParOldGen       total 176128K, used 63583K [0x0000000701800000, 0x000000070c400000, 0x0000000780800000)
  object space 176128K, 36% used [0x0000000701800000,0x0000000705617c38,0x000000070c400000)
 Metaspace       used 57691K, capacity 58749K, committed 59160K, reserved 1101824K
  class space    used 6789K, capacity 7082K, committed 7192K, reserved 1048576K
Event: 22.343 GC heap after
Heap after GC invocations=11 (full 3):
 PSYoungGen      total 273920K, used 0K [0x0000000780800000, 0x0000000796380000, 0x00000007c0000000)
  eden space 217600K, 0% used [0x0000000780800000,0x0000000780800000,0x000000078dc80000)
  from space 56320K, 0% used [0x0000000791980000,0x0000000791980000,0x0000000795080000)
  to   space 62464K, 0% used [0x000000078dc80000,0x000000078dc80000,0x0000000791980000)
 ParOldGen       total 295424K, used 90417K [0x0000000701800000, 0x0000000713880000, 0x0000000780800000)
  object space 295424K, 30% used [0x0000000701800000,0x000000070704c530,0x0000000713880000)
 Metaspace       used 57691K, capacity 58749K, committed 59160K, reserved 1101824K
  class space    used 6789K, capacity 7082K, committed 7192K, reserved 1048576K
}
Event: 34.546 GC heap before
{Heap before GC invocations=12 (full 3):
 PSYoungGen      total 273920K, used 217600K [0x0000000780800000, 0x0000000796380000, 0x00000007c0000000)
  eden space 217600K, 100% used [0x0000000780800000,0x000000078dc80000,0x000000078dc80000)
  from space 56320K, 0% used [0x0000000791980000,0x0000000791980000,0x0000000795080000)
  to   space 62464K, 0% used [0x000000078dc80000,0x000000078dc80000,0x0000000791980000)
 ParOldGen       total 295424K, used 90417K [0x0000000701800000, 0x0000000713880000, 0x0000000780800000)
  object space 295424K, 30% used [0x0000000701800000,0x000000070704c530,0x0000000713880000)
 Metaspace       used 62066K, capacity 63725K, committed 63896K, reserved 1105920K
  class space    used 7320K, capacity 7710K, committed 7832K, reserved 1048576K
Event: 34.587 GC heap after
Heap after GC invocations=12 (full 3):
 PSYoungGen      total 280064K, used 25368K [0x0000000780800000, 0x0000000797a80000, 0x00000007c0000000)
  eden space 217600K, 0% used [0x0000000780800000,0x0000000780800000,0x000000078dc80000)
  from space 62464K, 40% used [0x000000078dc80000,0x000000078f546098,0x0000000791980000)
  to   space 59392K, 0% used [0x0000000794080000,0x0000000794080000,0x0000000797a80000)
 ParOldGen       total 295424K, used 90425K [0x0000000701800000, 0x0000000713880000, 0x0000000780800000)
  object space 295424K, 30% used [0x0000000701800000,0x000000070704e530,0x0000000713880000)
 Metaspace       used 62066K, capacity 63725K, committed 63896K, reserved 1105920K
  class space    used 7320K, capacity 7710K, committed 7832K, reserved 1048576K
}

