# JRE version: OpenJDK Runtime Environment (8.0_242-b01) (build 1.8.0_242-release-1644-b01)
# Java VM: OpenJDK 64-Bit Server VM (25.242-b01 mixed mode windows-amd64 compressed oops)
Heap:
 PSYoungGen      total 418304K, used 14236K [0x00000000e0000000, 0x00000000fb400000, 0x0000000100000000)
  eden space 390144K, 3% used [0x00000000e0000000,0x00000000e0de7230,0x00000000f7d00000)
  from space 28160K, 0% used [0x00000000f7d00000,0x00000000f7d00000,0x00000000f9880000)
  to   space 22528K, 0% used [0x00000000f9900000,0x00000000f9900000,0x00000000faf00000)
 ParOldGen       total 99840K, used 48869K [0x00000000a0000000, 0x00000000a6180000, 0x00000000e0000000)
  object space 99840K, 48% used [0x00000000a0000000,0x00000000a2fb9590,0x00000000a6180000)
 Metaspace       used 74532K, capacity 77618K, committed 77912K, reserved 1120256K
  class space    used 10145K, capacity 10840K, committed 10880K, reserved 1048576K
GC Heap History (10 events):
Event: 12.103 GC heap before
{Heap before GC invocations=11 (full 2):
 PSYoungGen      total 316928K, used 150508K [0x00000000e0000000, 0x00000000f5000000, 0x0000000100000000)
  eden space 303104K, 45% used [0x00000000e0000000,0x00000000e8581c78,0x00000000f2800000)
  from space 13824K, 99% used [0x00000000f4280000,0x00000000f4ff95c0,0x00000000f5000000)
  to   space 16896K, 0% used [0x00000000f2f00000,0x00000000f2f00000,0x00000000f3f80000)
 ParOldGen       total 99840K, used 19621K [0x00000000a0000000, 0x00000000a6180000, 0x00000000e0000000)
  object space 99840K, 19% used [0x00000000a0000000,0x00000000a1329680,0x00000000a6180000)
 Metaspace       used 56649K, capacity 58934K, committed 59028K, reserved 1099776K
  class space    used 7417K, capacity 7897K, committed 7936K, reserved 1048576K
Event: 12.131 GC heap after
Heap after GC invocations=11 (full 2):
 PSYoungGen      total 327168K, used 16892K [0x00000000e0000000, 0x00000000faf00000, 0x0000000100000000)
  eden space 310272K, 0% used [0x00000000e0000000,0x00000000e0000000,0x00000000f2f00000)
  from space 16896K, 99% used [0x00000000f2f00000,0x00000000f3f7f3f0,0x00000000f3f80000)
  to   space 22528K, 0% used [0x00000000f9900000,0x00000000f9900000,0x00000000faf00000)
 ParOldGen       total 99840K, used 28884K [0x00000000a0000000, 0x00000000a6180000, 0x00000000e0000000)
  object space 99840K, 28% used [0x00000000a0000000,0x00000000a1c35060,0x00000000a6180000)
 Metaspace       used 56649K, capacity 58934K, committed 59028K, reserved 1099776K
  class space    used 7417K, capacity 7897K, committed 7936K, reserved 1048576K
}
Event: 12.131 GC heap before
{Heap before GC invocations=12 (full 3):
 PSYoungGen      total 327168K, used 16892K [0x00000000e0000000, 0x00000000faf00000, 0x0000000100000000)
  eden space 310272K, 0% used [0x00000000e0000000,0x00000000e0000000,0x00000000f2f00000)
  from space 16896K, 99% used [0x00000000f2f00000,0x00000000f3f7f3f0,0x00000000f3f80000)
  to   space 22528K, 0% used [0x00000000f9900000,0x00000000f9900000,0x00000000faf00000)
 ParOldGen       total 99840K, used 28884K [0x00000000a0000000, 0x00000000a6180000, 0x00000000e0000000)
  object space 99840K, 28% used [0x00000000a0000000,0x00000000a1c35060,0x00000000a6180000)
 Metaspace       used 56649K, capacity 58934K, committed 59028K, reserved 1099776K
  class space    used 7417K, capacity 7897K, committed 7936K, reserved 1048576K
Event: 12.425 GC heap after
Heap after GC invocations=12 (full 3):
 PSYoungGen      total 327168K, used 0K [0x00000000e0000000, 0x00000000faf00000, 0x0000000100000000)
  eden space 310272K, 0% used [0x00000000e0000000,0x00000000e0000000,0x00000000f2f00000)
  from space 16896K, 0% used [0x00000000f2f00000,0x00000000f2f00000,0x00000000f3f80000)
  to   space 22528K, 0% used [0x00000000f9900000,0x00000000f9900000,0x00000000faf00000)
 ParOldGen       total 99840K, used 39726K [0x00000000a0000000, 0x00000000a6180000, 0x00000000e0000000)
  object space 99840K, 39% used [0x00000000a0000000,0x00000000a26cb8b8,0x00000000a6180000)
 Metaspace       used 56604K, capacity 58798K, committed 59028K, reserved 1099776K
  class space    used 7405K, capacity 7881K, committed 7936K, reserved 1048576K
}
Event: 18.475 GC heap before
{Heap before GC invocations=13 (full 3):
 PSYoungGen      total 327168K, used 310272K [0x00000000e0000000, 0x00000000faf00000, 0x0000000100000000)
  eden space 310272K, 100% used [0x00000000e0000000,0x00000000f2f00000,0x00000000f2f00000)
  from space 16896K, 0% used [0x00000000f2f00000,0x00000000f2f00000,0x00000000f3f80000)
  to   space 22528K, 0% used [0x00000000f9900000,0x00000000f9900000,0x00000000faf00000)
 ParOldGen       total 99840K, used 39726K [0x00000000a0000000, 0x00000000a6180000, 0x00000000e0000000)
  object space 99840K, 39% used [0x00000000a0000000,0x00000000a26cb8b8,0x00000000a6180000)
 Metaspace       used 73208K, capacity 76222K, committed 76376K, reserved 1116160K
  class space    used 9947K, capacity 10589K, committed 10624K, reserved 1048576K
Event: 18.524 GC heap after
Heap after GC invocations=13 (full 3):
 PSYoungGen      total 412672K, used 22497K [0x00000000e0000000, 0x00000000fb400000, 0x0000000100000000)
  eden space 390144K, 0% used [0x00000000e0000000,0x00000000e0000000,0x00000000f7d00000)
  from space 22528K, 99% used [0x00000000f9900000,0x00000000faef8710,0x00000000faf00000)
  to   space 28160K, 0% used [0x00000000f7d00000,0x00000000f7d00000,0x00000000f9880000)
 ParOldGen       total 99840K, used 46534K [0x00000000a0000000, 0x00000000a6180000, 0x00000000e0000000)
  object space 99840K, 46% used [0x00000000a0000000,0x00000000a2d71b28,0x00000000a6180000)
 Metaspace       used 73208K, capacity 76222K, committed 76376K, reserved 1116160K
  class space    used 9947K, capacity 10589K, committed 10624K, reserved 1048576K
}
Event: 18.724 GC heap before
{Heap before GC invocations=14 (full 3):
 PSYoungGen      total 412672K, used 44015K [0x00000000e0000000, 0x00000000fb400000, 0x0000000100000000)
  eden space 390144K, 5% used [0x00000000e0000000,0x00000000e15038e8,0x00000000f7d00000)
  from space 22528K, 99% used [0x00000000f9900000,0x00000000faef8710,0x00000000faf00000)
  to   space 28160K, 0% used [0x00000000f7d00000,0x00000000f7d00000,0x00000000f9880000)
 ParOldGen       total 99840K, used 46534K [0x00000000a0000000, 0x00000000a6180000, 0x00000000e0000000)
  object space 99840K, 46% used [0x00000000a0000000,0x00000000a2d71b28,0x00000000a6180000)
 Metaspace       used 74137K, capacity 77152K, committed 77272K, reserved 1122304K
  class space    used 10077K, capacity 10734K, committed 10752K, reserved 1048576K
Event: 18.758 GC heap after
Heap after GC invocations=14 (full 3):
 PSYoungGen      total 418304K, used 1100K [0x00000000e0000000, 0x00000000fb400000, 0x0000000100000000)
  eden space 390144K, 0% used [0x00000000e0000000,0x00000000e0000000,0x00000000f7d00000)
  from space 28160K, 3% used [0x00000000f7d00000,0x00000000f7e13150,0x00000000f9880000)
  to   space 22528K, 0% used [0x00000000f9900000,0x00000000f9900000,0x00000000faf00000)
 ParOldGen       total 99840K, used 63994K [0x00000000a0000000, 0x00000000a6180000, 0x00000000e0000000)
  object space 99840K, 64% used [0x00000000a0000000,0x00000000a3e7e9a8,0x00000000a6180000)
 Metaspace       used 74137K, capacity 77152K, committed 77272K, reserved 1122304K
  class space    used 10077K, capacity 10734K, committed 10752K, reserved 1048576K
}
Event: 18.758 GC heap before
{Heap before GC invocations=15 (full 4):
 PSYoungGen      total 418304K, used 1100K [0x00000000e0000000, 0x00000000fb400000, 0x0000000100000000)
  eden space 390144K, 0% used [0x00000000e0000000,0x00000000e0000000,0x00000000f7d00000)
  from space 28160K, 3% used [0x00000000f7d00000,0x00000000f7e13150,0x00000000f9880000)
  to   space 22528K, 0% used [0x00000000f9900000,0x00000000f9900000,0x00000000faf00000)
 ParOldGen       total 99840K, used 63994K [0x00000000a0000000, 0x00000000a6180000, 0x00000000e0000000)
  object space 99840K, 64% used [0x00000000a0000000,0x00000000a3e7e9a8,0x00000000a6180000)
 Metaspace       used 74137K, capacity 77152K, committed 77272K, reserved 1122304K
  class space    used 10077K, capacity 10734K, committed 10752K, reserved 1048576K
Event: 19.030 GC heap after
Heap after GC invocations=15 (full 4):
 PSYoungGen      total 418304K, used 0K [0x00000000e0000000, 0x00000000fb400000, 0x0000000100000000)
  eden space 390144K, 0% used [0x00000000e0000000,0x00000000e0000000,0x00000000f7d00000)
  from space 28160K, 0% used [0x00000000f7d00000,0x00000000f7d00000,0x00000000f9880000)
  to   space 22528K, 0% used [0x00000000f9900000,0x00000000f9900000,0x00000000faf00000)
 ParOldGen       total 99840K, used 48869K [0x00000000a0000000, 0x00000000a6180000, 0x00000000e0000000)
  object space 99840K, 48% used [0x00000000a0000000,0x00000000a2fb9590,0x00000000a6180000)
 Metaspace       used 74137K, capacity 77152K, committed 77272K, reserved 1120256K
  class space    used 10077K, capacity 10734K, committed 10752K, reserved 1048576K
}

