# JRE version: OpenJDK Runtime Environment (8.0_242-b01) (build 1.8.0_242-release-1644-b01)
# Java VM: OpenJDK 64-Bit Server VM (25.242-b01 mixed mode windows-amd64 compressed oops)
Heap:
 PSYoungGen      total 323072K, used 272451K [0x00000000e0000000, 0x00000000f9700000, 0x0000000100000000)
  eden space 281600K, 85% used [0x00000000e0000000,0x00000000eec6c9e0,0x00000000f1300000)
  from space 41472K, 73% used [0x00000000f1300000,0x00000000f30a4388,0x00000000f3b80000)
  to   space 43520K, 0% used [0x00000000f3b80000,0x00000000f3b80000,0x00000000f6600000)
 ParOldGen       total 152576K, used 95712K [0x00000000a0000000, 0x00000000a9500000, 0x00000000e0000000)
  object space 152576K, 62% used [0x00000000a0000000,0x00000000a5d78140,0x00000000a9500000)
 Metaspace       used 96052K, capacity 100738K, committed 100952K, reserved 1136640K
  class space    used 12552K, capacity 13585K, committed 13696K, reserved 1048576K
GC Heap History (10 events):
Event: 175.963 GC heap before
{Heap before GC invocations=17 (full 3):
 PSYoungGen      total 235008K, used 222817K [0x00000000e0000000, 0x00000000f2d00000, 0x0000000100000000)
  eden space 204800K, 100% used [0x00000000e0000000,0x00000000ec800000,0x00000000ec800000)
  from space 30208K, 59% used [0x00000000ec800000,0x00000000ed9987d0,0x00000000ee580000)
  to   space 30208K, 0% used [0x00000000f0f80000,0x00000000f0f80000,0x00000000f2d00000)
 ParOldGen       total 152576K, used 72215K [0x00000000a0000000, 0x00000000a9500000, 0x00000000e0000000)
  object space 152576K, 47% used [0x00000000a0000000,0x00000000a4685ef0,0x00000000a9500000)
 Metaspace       used 91170K, capacity 95806K, committed 96088K, reserved 1132544K
  class space    used 12073K, capacity 13061K, committed 13184K, reserved 1048576K
Event: 176.035 GC heap after
Heap after GC invocations=17 (full 3):
 PSYoungGen      total 269824K, used 28210K [0x00000000e0000000, 0x00000000f2c80000, 0x0000000100000000)
  eden space 240128K, 0% used [0x00000000e0000000,0x00000000e0000000,0x00000000eea80000)
  from space 29696K, 94% used [0x00000000f0f80000,0x00000000f2b0c8d0,0x00000000f2c80000)
  to   space 33792K, 0% used [0x00000000eea80000,0x00000000eea80000,0x00000000f0b80000)
 ParOldGen       total 152576K, used 72223K [0x00000000a0000000, 0x00000000a9500000, 0x00000000e0000000)
  object space 152576K, 47% used [0x00000000a0000000,0x00000000a4687ef0,0x00000000a9500000)
 Metaspace       used 91170K, capacity 95806K, committed 96088K, reserved 1132544K
  class space    used 12073K, capacity 13061K, committed 13184K, reserved 1048576K
}
Event: 180.036 GC heap before
{Heap before GC invocations=18 (full 3):
 PSYoungGen      total 269824K, used 268338K [0x00000000e0000000, 0x00000000f2c80000, 0x0000000100000000)
  eden space 240128K, 100% used [0x00000000e0000000,0x00000000eea80000,0x00000000eea80000)
  from space 29696K, 94% used [0x00000000f0f80000,0x00000000f2b0c8d0,0x00000000f2c80000)
  to   space 33792K, 0% used [0x00000000eea80000,0x00000000eea80000,0x00000000f0b80000)
 ParOldGen       total 152576K, used 72223K [0x00000000a0000000, 0x00000000a9500000, 0x00000000e0000000)
  object space 152576K, 47% used [0x00000000a0000000,0x00000000a4687ef0,0x00000000a9500000)
 Metaspace       used 92981K, capacity 97716K, committed 98008K, reserved 1134592K
  class space    used 12259K, capacity 13238K, committed 13312K, reserved 1048576K
Event: 180.104 GC heap after
Heap after GC invocations=18 (full 3):
 PSYoungGen      total 273920K, used 33789K [0x00000000e0000000, 0x00000000f6600000, 0x0000000100000000)
  eden space 240128K, 0% used [0x00000000e0000000,0x00000000e0000000,0x00000000eea80000)
  from space 33792K, 99% used [0x00000000eea80000,0x00000000f0b7f798,0x00000000f0b80000)
  to   space 43520K, 0% used [0x00000000f3b80000,0x00000000f3b80000,0x00000000f6600000)
 ParOldGen       total 152576K, used 84022K [0x00000000a0000000, 0x00000000a9500000, 0x00000000e0000000)
  object space 152576K, 55% used [0x00000000a0000000,0x00000000a520dbe0,0x00000000a9500000)
 Metaspace       used 92981K, capacity 97716K, committed 98008K, reserved 1134592K
  class space    used 12259K, capacity 13238K, committed 13312K, reserved 1048576K
}
Event: 180.216 GC heap before
{Heap before GC invocations=19 (full 3):
 PSYoungGen      total 273920K, used 41921K [0x00000000e0000000, 0x00000000f6600000, 0x0000000100000000)
  eden space 240128K, 3% used [0x00000000e0000000,0x00000000e07f0c70,0x00000000eea80000)
  from space 33792K, 99% used [0x00000000eea80000,0x00000000f0b7f798,0x00000000f0b80000)
  to   space 43520K, 0% used [0x00000000f3b80000,0x00000000f3b80000,0x00000000f6600000)
 ParOldGen       total 152576K, used 84022K [0x00000000a0000000, 0x00000000a9500000, 0x00000000e0000000)
  object space 152576K, 55% used [0x00000000a0000000,0x00000000a520dbe0,0x00000000a9500000)
 Metaspace       used 93727K, capacity 98332K, committed 98380K, reserved 1134592K
  class space    used 12330K, capacity 13310K, committed 13312K, reserved 1048576K
Event: 180.277 GC heap after
Heap after GC invocations=19 (full 3):
 PSYoungGen      total 325120K, used 14570K [0x00000000e0000000, 0x00000000f9700000, 0x0000000100000000)
  eden space 281600K, 0% used [0x00000000e0000000,0x00000000e0000000,0x00000000f1300000)
  from space 43520K, 33% used [0x00000000f3b80000,0x00000000f49baa80,0x00000000f6600000)
  to   space 41472K, 0% used [0x00000000f1300000,0x00000000f1300000,0x00000000f3b80000)
 ParOldGen       total 152576K, used 104404K [0x00000000a0000000, 0x00000000a9500000, 0x00000000e0000000)
  object space 152576K, 68% used [0x00000000a0000000,0x00000000a65f5388,0x00000000a9500000)
 Metaspace       used 93727K, capacity 98332K, committed 98380K, reserved 1134592K
  class space    used 12330K, capacity 13310K, committed 13312K, reserved 1048576K
}
Event: 180.277 GC heap before
{Heap before GC invocations=20 (full 4):
 PSYoungGen      total 325120K, used 14570K [0x00000000e0000000, 0x00000000f9700000, 0x0000000100000000)
  eden space 281600K, 0% used [0x00000000e0000000,0x00000000e0000000,0x00000000f1300000)
  from space 43520K, 33% used [0x00000000f3b80000,0x00000000f49baa80,0x00000000f6600000)
  to   space 41472K, 0% used [0x00000000f1300000,0x00000000f1300000,0x00000000f3b80000)
 ParOldGen       total 152576K, used 104404K [0x00000000a0000000, 0x00000000a9500000, 0x00000000e0000000)
  object space 152576K, 68% used [0x00000000a0000000,0x00000000a65f5388,0x00000000a9500000)
 Metaspace       used 93727K, capacity 98332K, committed 98380K, reserved 1134592K
  class space    used 12330K, capacity 13310K, committed 13312K, reserved 1048576K
Event: 180.720 GC heap after
Heap after GC invocations=20 (full 4):
 PSYoungGen      total 325120K, used 0K [0x00000000e0000000, 0x00000000f9700000, 0x0000000100000000)
  eden space 281600K, 0% used [0x00000000e0000000,0x00000000e0000000,0x00000000f1300000)
  from space 43520K, 0% used [0x00000000f3b80000,0x00000000f3b80000,0x00000000f6600000)
  to   space 41472K, 0% used [0x00000000f1300000,0x00000000f1300000,0x00000000f3b80000)
 ParOldGen       total 152576K, used 91608K [0x00000000a0000000, 0x00000000a9500000, 0x00000000e0000000)
  object space 152576K, 60% used [0x00000000a0000000,0x00000000a5976130,0x00000000a9500000)
 Metaspace       used 93639K, capacity 98076K, committed 98380K, reserved 1134592K
  class space    used 12301K, capacity 13260K, committed 13312K, reserved 1048576K
}
Event: 183.849 GC heap before
{Heap before GC invocations=21 (full 4):
 PSYoungGen      total 325120K, used 277610K [0x00000000e0000000, 0x00000000f9700000, 0x0000000100000000)
  eden space 281600K, 98% used [0x00000000e0000000,0x00000000f0f1ab48,0x00000000f1300000)
  from space 43520K, 0% used [0x00000000f3b80000,0x00000000f3b80000,0x00000000f6600000)
  to   space 41472K, 0% used [0x00000000f1300000,0x00000000f1300000,0x00000000f3b80000)
 ParOldGen       total 152576K, used 95704K [0x00000000a0000000, 0x00000000a9500000, 0x00000000e0000000)
  object space 152576K, 62% used [0x00000000a0000000,0x00000000a5d76140,0x00000000a9500000)
 Metaspace       used 95590K, capacity 100250K, committed 100568K, reserved 1136640K
  class space    used 12494K, capacity 13527K, committed 13568K, reserved 1048576K
Event: 183.871 GC heap after
Heap after GC invocations=21 (full 4):
 PSYoungGen      total 323072K, used 30352K [0x00000000e0000000, 0x00000000f9700000, 0x0000000100000000)
  eden space 281600K, 0% used [0x00000000e0000000,0x00000000e0000000,0x00000000f1300000)
  from space 41472K, 73% used [0x00000000f1300000,0x00000000f30a4388,0x00000000f3b80000)
  to   space 43520K, 0% used [0x00000000f3b80000,0x00000000f3b80000,0x00000000f6600000)
 ParOldGen       total 152576K, used 95712K [0x00000000a0000000, 0x00000000a9500000, 0x00000000e0000000)
  object space 152576K, 62% used [0x00000000a0000000,0x00000000a5d78140,0x00000000a9500000)
 Metaspace       used 95590K, capacity 100250K, committed 100568K, reserved 1136640K
  class space    used 12494K, capacity 13527K, committed 13568K, reserved 1048576K
}

