# JRE version: OpenJDK Runtime Environment (8.0_242-b01) (build 1.8.0_242-release-1644-b01)
# Java VM: OpenJDK 64-Bit Server VM (25.242-b01 mixed mode windows-amd64 compressed oops)
Heap:
 PSYoungGen      total 463360K, used 406980K [0x00000000e0000000, 0x0000000100000000, 0x0000000100000000)
  eden space 406528K, 90% used [0x00000000e0000000,0x00000000f67db438,0x00000000f8d00000)
  from space 56832K, 67% used [0x00000000fc880000,0x00000000fee15eb8,0x0000000100000000)
  to   space 58880K, 0% used [0x00000000f8d00000,0x00000000f8d00000,0x00000000fc680000)
 ParOldGen       total 137728K, used 70360K [0x00000000a0000000, 0x00000000a8680000, 0x00000000e0000000)
  object space 137728K, 51% used [0x00000000a0000000,0x00000000a44b6280,0x00000000a8680000)
 Metaspace       used 111300K, capacity 117102K, committed 117336K, reserved 1150976K
  class space    used 14354K, capacity 15617K, committed 15744K, reserved 1048576K
GC Heap History (10 events):
Event: 62.946 GC heap before
{Heap before GC invocations=17 (full 5):
 PSYoungGen      total 436224K, used 394240K [0x00000000e0000000, 0x0000000100000000, 0x0000000100000000)
  eden space 394240K, 100% used [0x00000000e0000000,0x00000000f8100000,0x00000000f8100000)
  from space 41984K, 0% used [0x00000000fd700000,0x00000000fd700000,0x0000000100000000)
  to   space 65024K, 0% used [0x00000000f8100000,0x00000000f8100000,0x00000000fc080000)
 ParOldGen       total 137728K, used 124113K [0x00000000a0000000, 0x00000000a8680000, 0x00000000e0000000)
  object space 137728K, 90% used [0x00000000a0000000,0x00000000a79345f0,0x00000000a8680000)
 Metaspace       used 93149K, capacity 97664K, committed 98008K, reserved 1134592K
  class space    used 12266K, capacity 13276K, committed 13312K, reserved 1048576K
Event: 63.162 GC heap after
Heap after GC invocations=17 (full 5):
 PSYoungGen      total 436224K, used 0K [0x00000000e0000000, 0x0000000100000000, 0x0000000100000000)
  eden space 394240K, 0% used [0x00000000e0000000,0x00000000e0000000,0x00000000f8100000)
  from space 41984K, 0% used [0x00000000fd700000,0x00000000fd700000,0x0000000100000000)
  to   space 65024K, 0% used [0x00000000f8100000,0x00000000f8100000,0x00000000fc080000)
 ParOldGen       total 137728K, used 70328K [0x00000000a0000000, 0x00000000a8680000, 0x00000000e0000000)
  object space 137728K, 51% used [0x00000000a0000000,0x00000000a44ae280,0x00000000a8680000)
 Metaspace       used 93149K, capacity 97664K, committed 98008K, reserved 1134592K
  class space    used 12266K, capacity 13276K, committed 13312K, reserved 1048576K
}
Event: 196.627 GC heap before
{Heap before GC invocations=18 (full 5):
 PSYoungGen      total 436224K, used 394240K [0x00000000e0000000, 0x0000000100000000, 0x0000000100000000)
  eden space 394240K, 100% used [0x00000000e0000000,0x00000000f8100000,0x00000000f8100000)
  from space 41984K, 0% used [0x00000000fd700000,0x00000000fd700000,0x0000000100000000)
  to   space 65024K, 0% used [0x00000000f8100000,0x00000000f8100000,0x00000000fc080000)
 ParOldGen       total 137728K, used 70328K [0x00000000a0000000, 0x00000000a8680000, 0x00000000e0000000)
  object space 137728K, 51% used [0x00000000a0000000,0x00000000a44ae280,0x00000000a8680000)
 Metaspace       used 95546K, capacity 100554K, committed 100696K, reserved 1136640K
  class space    used 12571K, capacity 13650K, committed 13696K, reserved 1048576K
Event: 196.660 GC heap after
Heap after GC invocations=18 (full 5):
 PSYoungGen      total 459264K, used 14558K [0x00000000e0000000, 0x0000000100000000, 0x0000000100000000)
  eden space 394240K, 0% used [0x00000000e0000000,0x00000000e0000000,0x00000000f8100000)
  from space 65024K, 22% used [0x00000000f8100000,0x00000000f8f37b60,0x00000000fc080000)
  to   space 62464K, 0% used [0x00000000fc300000,0x00000000fc300000,0x0000000100000000)
 ParOldGen       total 137728K, used 70336K [0x00000000a0000000, 0x00000000a8680000, 0x00000000e0000000)
  object space 137728K, 51% used [0x00000000a0000000,0x00000000a44b0280,0x00000000a8680000)
 Metaspace       used 95546K, capacity 100554K, committed 100696K, reserved 1136640K
  class space    used 12571K, capacity 13650K, committed 13696K, reserved 1048576K
}
Event: 207.876 GC heap before
{Heap before GC invocations=19 (full 5):
 PSYoungGen      total 459264K, used 408798K [0x00000000e0000000, 0x0000000100000000, 0x0000000100000000)
  eden space 394240K, 99% used [0x00000000e0000000,0x00000000f80ffd30,0x00000000f8100000)
  from space 65024K, 22% used [0x00000000f8100000,0x00000000f8f37b60,0x00000000fc080000)
  to   space 62464K, 0% used [0x00000000fc300000,0x00000000fc300000,0x0000000100000000)
 ParOldGen       total 137728K, used 70336K [0x00000000a0000000, 0x00000000a8680000, 0x00000000e0000000)
  object space 137728K, 51% used [0x00000000a0000000,0x00000000a44b0280,0x00000000a8680000)
 Metaspace       used 101176K, capacity 106562K, committed 106712K, reserved 1142784K
  class space    used 13160K, capacity 14326K, committed 14336K, reserved 1048576K
Event: 207.905 GC heap after
Heap after GC invocations=19 (full 5):
 PSYoungGen      total 449536K, used 23815K [0x00000000e0000000, 0x00000000ff680000, 0x0000000100000000)
  eden space 396800K, 0% used [0x00000000e0000000,0x00000000e0000000,0x00000000f8380000)
  from space 52736K, 45% used [0x00000000fc300000,0x00000000fda41fd0,0x00000000ff680000)
  to   space 58880K, 0% used [0x00000000f8380000,0x00000000f8380000,0x00000000fbd00000)
 ParOldGen       total 137728K, used 70344K [0x00000000a0000000, 0x00000000a8680000, 0x00000000e0000000)
  object space 137728K, 51% used [0x00000000a0000000,0x00000000a44b2280,0x00000000a8680000)
 Metaspace       used 101176K, capacity 106562K, committed 106712K, reserved 1142784K
  class space    used 13160K, capacity 14326K, committed 14336K, reserved 1048576K
}
Event: 301.311 GC heap before
{Heap before GC invocations=20 (full 5):
 PSYoungGen      total 449536K, used 420615K [0x00000000e0000000, 0x00000000ff680000, 0x0000000100000000)
  eden space 396800K, 100% used [0x00000000e0000000,0x00000000f8380000,0x00000000f8380000)
  from space 52736K, 45% used [0x00000000fc300000,0x00000000fda41fd0,0x00000000ff680000)
  to   space 58880K, 0% used [0x00000000f8380000,0x00000000f8380000,0x00000000fbd00000)
 ParOldGen       total 137728K, used 70344K [0x00000000a0000000, 0x00000000a8680000, 0x00000000e0000000)
  object space 137728K, 51% used [0x00000000a0000000,0x00000000a44b2280,0x00000000a8680000)
 Metaspace       used 104373K, capacity 109962K, committed 110040K, reserved 1144832K
  class space    used 13555K, capacity 14793K, committed 14848K, reserved 1048576K
Event: 301.371 GC heap after
Heap after GC invocations=20 (full 5):
 PSYoungGen      total 455680K, used 26477K [0x00000000e0000000, 0x0000000100000000, 0x0000000100000000)
  eden space 396800K, 0% used [0x00000000e0000000,0x00000000e0000000,0x00000000f8380000)
  from space 58880K, 44% used [0x00000000f8380000,0x00000000f9d5b4f0,0x00000000fbd00000)
  to   space 56832K, 0% used [0x00000000fc880000,0x00000000fc880000,0x0000000100000000)
 ParOldGen       total 137728K, used 70352K [0x00000000a0000000, 0x00000000a8680000, 0x00000000e0000000)
  object space 137728K, 51% used [0x00000000a0000000,0x00000000a44b4280,0x00000000a8680000)
 Metaspace       used 104373K, capacity 109962K, committed 110040K, reserved 1144832K
  class space    used 13555K, capacity 14793K, committed 14848K, reserved 1048576K
}
Event: 304.086 GC heap before
{Heap before GC invocations=21 (full 5):
 PSYoungGen      total 455680K, used 423277K [0x00000000e0000000, 0x0000000100000000, 0x0000000100000000)
  eden space 396800K, 100% used [0x00000000e0000000,0x00000000f8380000,0x00000000f8380000)
  from space 58880K, 44% used [0x00000000f8380000,0x00000000f9d5b4f0,0x00000000fbd00000)
  to   space 56832K, 0% used [0x00000000fc880000,0x00000000fc880000,0x0000000100000000)
 ParOldGen       total 137728K, used 70352K [0x00000000a0000000, 0x00000000a8680000, 0x00000000e0000000)
  object space 137728K, 51% used [0x00000000a0000000,0x00000000a44b4280,0x00000000a8680000)
 Metaspace       used 109641K, capacity 115378K, committed 115544K, reserved 1148928K
  class space    used 14191K, capacity 15437K, committed 15488K, reserved 1048576K
Event: 304.161 GC heap after
Heap after GC invocations=21 (full 5):
 PSYoungGen      total 463360K, used 38487K [0x00000000e0000000, 0x0000000100000000, 0x0000000100000000)
  eden space 406528K, 0% used [0x00000000e0000000,0x00000000e0000000,0x00000000f8d00000)
  from space 56832K, 67% used [0x00000000fc880000,0x00000000fee15eb8,0x0000000100000000)
  to   space 58880K, 0% used [0x00000000f8d00000,0x00000000f8d00000,0x00000000fc680000)
 ParOldGen       total 137728K, used 70360K [0x00000000a0000000, 0x00000000a8680000, 0x00000000e0000000)
  object space 137728K, 51% used [0x00000000a0000000,0x00000000a44b6280,0x00000000a8680000)
 Metaspace       used 109641K, capacity 115378K, committed 115544K, reserved 1148928K
  class space    used 14191K, capacity 15437K, committed 15488K, reserved 1048576K
}

