# JRE version: OpenJDK Runtime Environment (8.0_242-b01) (build 1.8.0_242-release-1644-b01)
# Java VM: OpenJDK 64-Bit Server VM (25.242-b01 mixed mode windows-amd64 compressed oops)
Heap:
 PSYoungGen      total 334336K, used 162111K [0x00000000e0000000, 0x00000000f8900000, 0x0000000100000000)
  eden space 311296K, 44% used [0x00000000e0000000,0x00000000e87d2390,0x00000000f3000000)
  from space 23040K, 99% used [0x00000000f7280000,0x00000000f88fda00,0x00000000f8900000)
  to   space 17408K, 0% used [0x00000000f3000000,0x00000000f3000000,0x00000000f4100000)
 ParOldGen       total 159744K, used 45872K [0x00000000a0000000, 0x00000000a9c00000, 0x00000000e0000000)
  object space 159744K, 28% used [0x00000000a0000000,0x00000000a2ccc0d8,0x00000000a9c00000)
 Metaspace       used 78868K, capacity 82524K, committed 82648K, reserved 1120256K
  class space    used 10679K, capacity 11444K, committed 11520K, reserved 1048576K
GC Heap History (10 events):
Event: 5.530 GC heap before
{Heap before GC invocations=9 (full 2):
 PSYoungGen      total 206848K, used 11031K [0x00000000e0000000, 0x00000000f5200000, 0x0000000100000000)
  eden space 193536K, 0% used [0x00000000e0000000,0x00000000e0000000,0x00000000ebd00000)
  from space 13312K, 82% used [0x00000000ebd00000,0x00000000ec7c5ce0,0x00000000eca00000)
  to   space 13824K, 0% used [0x00000000f4480000,0x00000000f4480000,0x00000000f5200000)
 ParOldGen       total 66560K, used 7223K [0x00000000a0000000, 0x00000000a4100000, 0x00000000e0000000)
  object space 66560K, 10% used [0x00000000a0000000,0x00000000a070de88,0x00000000a4100000)
 Metaspace       used 34079K, capacity 35388K, committed 35416K, reserved 1079296K
  class space    used 4609K, capacity 4977K, committed 4992K, reserved 1048576K
Event: 5.752 GC heap after
Heap after GC invocations=9 (full 2):
 PSYoungGen      total 206848K, used 0K [0x00000000e0000000, 0x00000000f5200000, 0x0000000100000000)
  eden space 193536K, 0% used [0x00000000e0000000,0x00000000e0000000,0x00000000ebd00000)
  from space 13312K, 0% used [0x00000000ebd00000,0x00000000ebd00000,0x00000000eca00000)
  to   space 13824K, 0% used [0x00000000f4480000,0x00000000f4480000,0x00000000f5200000)
 ParOldGen       total 103424K, used 17415K [0x00000000a0000000, 0x00000000a6500000, 0x00000000e0000000)
  object space 103424K, 16% used [0x00000000a0000000,0x00000000a1101c78,0x00000000a6500000)
 Metaspace       used 34079K, capacity 35388K, committed 35416K, reserved 1079296K
  class space    used 4609K, capacity 4977K, committed 4992K, reserved 1048576K
}
Event: 8.231 GC heap before
{Heap before GC invocations=10 (full 2):
 PSYoungGen      total 206848K, used 193536K [0x00000000e0000000, 0x00000000f5200000, 0x0000000100000000)
  eden space 193536K, 100% used [0x00000000e0000000,0x00000000ebd00000,0x00000000ebd00000)
  from space 13312K, 0% used [0x00000000ebd00000,0x00000000ebd00000,0x00000000eca00000)
  to   space 13824K, 0% used [0x00000000f4480000,0x00000000f4480000,0x00000000f5200000)
 ParOldGen       total 103424K, used 17415K [0x00000000a0000000, 0x00000000a6500000, 0x00000000e0000000)
  object space 103424K, 16% used [0x00000000a0000000,0x00000000a1101c78,0x00000000a6500000)
 Metaspace       used 43857K, capacity 45856K, committed 46040K, reserved 1089536K
  class space    used 5936K, capacity 6398K, committed 6400K, reserved 1048576K
Event: 8.259 GC heap after
Heap after GC invocations=10 (full 2):
 PSYoungGen      total 297984K, used 13821K [0x00000000e0000000, 0x00000000f5200000, 0x0000000100000000)
  eden space 284160K, 0% used [0x00000000e0000000,0x00000000e0000000,0x00000000f1580000)
  from space 13824K, 99% used [0x00000000f4480000,0x00000000f51ff628,0x00000000f5200000)
  to   space 17408K, 0% used [0x00000000f3000000,0x00000000f3000000,0x00000000f4100000)
 ParOldGen       total 103424K, used 21053K [0x00000000a0000000, 0x00000000a6500000, 0x00000000e0000000)
  object space 103424K, 20% used [0x00000000a0000000,0x00000000a148f5b0,0x00000000a6500000)
 Metaspace       used 43857K, capacity 45856K, committed 46040K, reserved 1089536K
  class space    used 5936K, capacity 6398K, committed 6400K, reserved 1048576K
}
Event: 10.183 GC heap before
{Heap before GC invocations=11 (full 2):
 PSYoungGen      total 297984K, used 149073K [0x00000000e0000000, 0x00000000f5200000, 0x0000000100000000)
  eden space 284160K, 47% used [0x00000000e0000000,0x00000000e8414ee8,0x00000000f1580000)
  from space 13824K, 99% used [0x00000000f4480000,0x00000000f51ff628,0x00000000f5200000)
  to   space 17408K, 0% used [0x00000000f3000000,0x00000000f3000000,0x00000000f4100000)
 ParOldGen       total 103424K, used 21053K [0x00000000a0000000, 0x00000000a6500000, 0x00000000e0000000)
  object space 103424K, 20% used [0x00000000a0000000,0x00000000a148f5b0,0x00000000a6500000)
 Metaspace       used 56738K, capacity 58964K, committed 59028K, reserved 1099776K
  class space    used 7444K, capacity 7932K, committed 7936K, reserved 1048576K
Event: 10.215 GC heap after
Heap after GC invocations=11 (full 2):
 PSYoungGen      total 328704K, used 17404K [0x00000000e0000000, 0x00000000f8900000, 0x0000000100000000)
  eden space 311296K, 0% used [0x00000000e0000000,0x00000000e0000000,0x00000000f3000000)
  from space 17408K, 99% used [0x00000000f3000000,0x00000000f40ff3f0,0x00000000f4100000)
  to   space 23040K, 0% used [0x00000000f7280000,0x00000000f7280000,0x00000000f8900000)
 ParOldGen       total 103424K, used 29143K [0x00000000a0000000, 0x00000000a6500000, 0x00000000e0000000)
  object space 103424K, 28% used [0x00000000a0000000,0x00000000a1c75c88,0x00000000a6500000)
 Metaspace       used 56738K, capacity 58964K, committed 59028K, reserved 1099776K
  class space    used 7444K, capacity 7932K, committed 7936K, reserved 1048576K
}
Event: 10.215 GC heap before
{Heap before GC invocations=12 (full 3):
 PSYoungGen      total 328704K, used 17404K [0x00000000e0000000, 0x00000000f8900000, 0x0000000100000000)
  eden space 311296K, 0% used [0x00000000e0000000,0x00000000e0000000,0x00000000f3000000)
  from space 17408K, 99% used [0x00000000f3000000,0x00000000f40ff3f0,0x00000000f4100000)
  to   space 23040K, 0% used [0x00000000f7280000,0x00000000f7280000,0x00000000f8900000)
 ParOldGen       total 103424K, used 29143K [0x00000000a0000000, 0x00000000a6500000, 0x00000000e0000000)
  object space 103424K, 28% used [0x00000000a0000000,0x00000000a1c75c88,0x00000000a6500000)
 Metaspace       used 56738K, capacity 58964K, committed 59028K, reserved 1099776K
  class space    used 7444K, capacity 7932K, committed 7936K, reserved 1048576K
Event: 10.533 GC heap after
Heap after GC invocations=12 (full 3):
 PSYoungGen      total 328704K, used 0K [0x00000000e0000000, 0x00000000f8900000, 0x0000000100000000)
  eden space 311296K, 0% used [0x00000000e0000000,0x00000000e0000000,0x00000000f3000000)
  from space 17408K, 0% used [0x00000000f3000000,0x00000000f3000000,0x00000000f4100000)
  to   space 23040K, 0% used [0x00000000f7280000,0x00000000f7280000,0x00000000f8900000)
 ParOldGen       total 159744K, used 39525K [0x00000000a0000000, 0x00000000a9c00000, 0x00000000e0000000)
  object space 159744K, 24% used [0x00000000a0000000,0x00000000a2699428,0x00000000a9c00000)
 Metaspace       used 56720K, capacity 58922K, committed 59028K, reserved 1099776K
  class space    used 7438K, capacity 7923K, committed 7936K, reserved 1048576K
}
Event: 15.325 GC heap before
{Heap before GC invocations=13 (full 3):
 PSYoungGen      total 328704K, used 311296K [0x00000000e0000000, 0x00000000f8900000, 0x0000000100000000)
  eden space 311296K, 100% used [0x00000000e0000000,0x00000000f3000000,0x00000000f3000000)
  from space 17408K, 0% used [0x00000000f3000000,0x00000000f3000000,0x00000000f4100000)
  to   space 23040K, 0% used [0x00000000f7280000,0x00000000f7280000,0x00000000f8900000)
 ParOldGen       total 159744K, used 39525K [0x00000000a0000000, 0x00000000a9c00000, 0x00000000e0000000)
  object space 159744K, 24% used [0x00000000a0000000,0x00000000a2699428,0x00000000a9c00000)
 Metaspace       used 74288K, capacity 77360K, committed 77656K, reserved 1116160K
  class space    used 10116K, capacity 10777K, committed 10880K, reserved 1048576K
Event: 15.395 GC heap after
Heap after GC invocations=13 (full 3):
 PSYoungGen      total 334336K, used 23030K [0x00000000e0000000, 0x00000000f8900000, 0x0000000100000000)
  eden space 311296K, 0% used [0x00000000e0000000,0x00000000e0000000,0x00000000f3000000)
  from space 23040K, 99% used [0x00000000f7280000,0x00000000f88fda00,0x00000000f8900000)
  to   space 17408K, 0% used [0x00000000f3000000,0x00000000f3000000,0x00000000f4100000)
 ParOldGen       total 159744K, used 45872K [0x00000000a0000000, 0x00000000a9c00000, 0x00000000e0000000)
  object space 159744K, 28% used [0x00000000a0000000,0x00000000a2ccc0d8,0x00000000a9c00000)
 Metaspace       used 74288K, capacity 77360K, committed 77656K, reserved 1116160K
  class space    used 10116K, capacity 10777K, committed 10880K, reserved 1048576K
}

