# JRE version: OpenJDK Runtime Environment (8.0_242-b01) (build 1.8.0_242-release-1644-b01)
# Java VM: OpenJDK 64-Bit Server VM (25.242-b01 mixed mode windows-amd64 compressed oops)
Heap:
 PSYoungGen      total 305664K, used 72095K [0x00000000e0000000, 0x00000000f6680000, 0x0000000100000000)
  eden space 288256K, 25% used [0x00000000e0000000,0x00000000e4667ff8,0x00000000f1980000)
  from space 17408K, 0% used [0x00000000f4480000,0x00000000f4480000,0x00000000f5580000)
  to   space 13824K, 0% used [0x00000000f5900000,0x00000000f5900000,0x00000000f6680000)
 ParOldGen       total 99328K, used 38748K [0x00000000a0000000, 0x00000000a6100000, 0x00000000e0000000)
  object space 99328K, 39% used [0x00000000a0000000,0x00000000a25d73c8,0x00000000a6100000)
 Metaspace       used 58814K, capacity 61172K, committed 61528K, reserved 1101824K
  class space    used 7700K, capacity 8239K, committed 8320K, reserved 1048576K
GC Heap History (10 events):
Event: 9.443 GC heap before
{Heap before GC invocations=8 (full 1):
 PSYoungGen      total 195584K, used 80776K [0x00000000e0000000, 0x00000000ed700000, 0x0000000100000000)
  eden space 183808K, 37% used [0x00000000e0000000,0x00000000e43e07f0,0x00000000eb380000)
  from space 11776K, 95% used [0x00000000ecb80000,0x00000000ed681848,0x00000000ed700000)
  to   space 13312K, 0% used [0x00000000ebd00000,0x00000000ebd00000,0x00000000eca00000)
 ParOldGen       total 64512K, used 7164K [0x00000000a0000000, 0x00000000a3f00000, 0x00000000e0000000)
  object space 64512K, 11% used [0x00000000a0000000,0x00000000a06ff270,0x00000000a3f00000)
 Metaspace       used 34093K, capacity 35368K, committed 35416K, reserved 1079296K
  class space    used 4601K, capacity 4945K, committed 4992K, reserved 1048576K
Event: 9.474 GC heap after
Heap after GC invocations=8 (full 1):
 PSYoungGen      total 206848K, used 11139K [0x00000000e0000000, 0x00000000f6680000, 0x0000000100000000)
  eden space 193536K, 0% used [0x00000000e0000000,0x00000000e0000000,0x00000000ebd00000)
  from space 13312K, 83% used [0x00000000ebd00000,0x00000000ec7e0c20,0x00000000eca00000)
  to   space 13824K, 0% used [0x00000000f5900000,0x00000000f5900000,0x00000000f6680000)
 ParOldGen       total 64512K, used 7172K [0x00000000a0000000, 0x00000000a3f00000, 0x00000000e0000000)
  object space 64512K, 11% used [0x00000000a0000000,0x00000000a0701270,0x00000000a3f00000)
 Metaspace       used 34093K, capacity 35368K, committed 35416K, reserved 1079296K
  class space    used 4601K, capacity 4945K, committed 4992K, reserved 1048576K
}
Event: 9.474 GC heap before
{Heap before GC invocations=9 (full 2):
 PSYoungGen      total 206848K, used 11139K [0x00000000e0000000, 0x00000000f6680000, 0x0000000100000000)
  eden space 193536K, 0% used [0x00000000e0000000,0x00000000e0000000,0x00000000ebd00000)
  from space 13312K, 83% used [0x00000000ebd00000,0x00000000ec7e0c20,0x00000000eca00000)
  to   space 13824K, 0% used [0x00000000f5900000,0x00000000f5900000,0x00000000f6680000)
 ParOldGen       total 64512K, used 7172K [0x00000000a0000000, 0x00000000a3f00000, 0x00000000e0000000)
  object space 64512K, 11% used [0x00000000a0000000,0x00000000a0701270,0x00000000a3f00000)
 Metaspace       used 34093K, capacity 35368K, committed 35416K, reserved 1079296K
  class space    used 4601K, capacity 4945K, committed 4992K, reserved 1048576K
Event: 9.768 GC heap after
Heap after GC invocations=9 (full 2):
 PSYoungGen      total 206848K, used 0K [0x00000000e0000000, 0x00000000f6680000, 0x0000000100000000)
  eden space 193536K, 0% used [0x00000000e0000000,0x00000000e0000000,0x00000000ebd00000)
  from space 13312K, 0% used [0x00000000ebd00000,0x00000000ebd00000,0x00000000eca00000)
  to   space 13824K, 0% used [0x00000000f5900000,0x00000000f5900000,0x00000000f6680000)
 ParOldGen       total 99328K, used 17428K [0x00000000a0000000, 0x00000000a6100000, 0x00000000e0000000)
  object space 99328K, 17% used [0x00000000a0000000,0x00000000a1105068,0x00000000a6100000)
 Metaspace       used 34093K, capacity 35368K, committed 35416K, reserved 1079296K
  class space    used 4601K, capacity 4945K, committed 4992K, reserved 1048576K
}
Event: 13.528 GC heap before
{Heap before GC invocations=10 (full 2):
 PSYoungGen      total 206848K, used 193536K [0x00000000e0000000, 0x00000000f6680000, 0x0000000100000000)
  eden space 193536K, 100% used [0x00000000e0000000,0x00000000ebd00000,0x00000000ebd00000)
  from space 13312K, 0% used [0x00000000ebd00000,0x00000000ebd00000,0x00000000eca00000)
  to   space 13824K, 0% used [0x00000000f5900000,0x00000000f5900000,0x00000000f6680000)
 ParOldGen       total 99328K, used 17428K [0x00000000a0000000, 0x00000000a6100000, 0x00000000e0000000)
  object space 99328K, 17% used [0x00000000a0000000,0x00000000a1105068,0x00000000a6100000)
 Metaspace       used 43569K, capacity 45676K, committed 45784K, reserved 1089536K
  class space    used 5842K, capacity 6344K, committed 6400K, reserved 1048576K
Event: 13.566 GC heap after
Heap after GC invocations=10 (full 2):
 PSYoungGen      total 302080K, used 13820K [0x00000000e0000000, 0x00000000f6680000, 0x0000000100000000)
  eden space 288256K, 0% used [0x00000000e0000000,0x00000000e0000000,0x00000000f1980000)
  from space 13824K, 99% used [0x00000000f5900000,0x00000000f667f210,0x00000000f6680000)
  to   space 17408K, 0% used [0x00000000f4480000,0x00000000f4480000,0x00000000f5580000)
 ParOldGen       total 99328K, used 20734K [0x00000000a0000000, 0x00000000a6100000, 0x00000000e0000000)
  object space 99328K, 20% used [0x00000000a0000000,0x00000000a143f878,0x00000000a6100000)
 Metaspace       used 43569K, capacity 45676K, committed 45784K, reserved 1089536K
  class space    used 5842K, capacity 6344K, committed 6400K, reserved 1048576K
}
Event: 16.236 GC heap before
{Heap before GC invocations=11 (full 2):
 PSYoungGen      total 302080K, used 136972K [0x00000000e0000000, 0x00000000f6680000, 0x0000000100000000)
  eden space 288256K, 42% used [0x00000000e0000000,0x00000000e7843e70,0x00000000f1980000)
  from space 13824K, 99% used [0x00000000f5900000,0x00000000f667f210,0x00000000f6680000)
  to   space 17408K, 0% used [0x00000000f4480000,0x00000000f4480000,0x00000000f5580000)
 ParOldGen       total 99328K, used 20734K [0x00000000a0000000, 0x00000000a6100000, 0x00000000e0000000)
  object space 99328K, 20% used [0x00000000a0000000,0x00000000a143f878,0x00000000a6100000)
 Metaspace       used 56646K, capacity 58946K, committed 59028K, reserved 1099776K
  class space    used 7402K, capacity 7925K, committed 7936K, reserved 1048576K
Event: 16.269 GC heap after
Heap after GC invocations=11 (full 2):
 PSYoungGen      total 305664K, used 17403K [0x00000000e0000000, 0x00000000f6680000, 0x0000000100000000)
  eden space 288256K, 0% used [0x00000000e0000000,0x00000000e0000000,0x00000000f1980000)
  from space 17408K, 99% used [0x00000000f4480000,0x00000000f557ec98,0x00000000f5580000)
  to   space 13824K, 0% used [0x00000000f5900000,0x00000000f5900000,0x00000000f6680000)
 ParOldGen       total 99328K, used 28126K [0x00000000a0000000, 0x00000000a6100000, 0x00000000e0000000)
  object space 99328K, 28% used [0x00000000a0000000,0x00000000a1b778b0,0x00000000a6100000)
 Metaspace       used 56646K, capacity 58946K, committed 59028K, reserved 1099776K
  class space    used 7402K, capacity 7925K, committed 7936K, reserved 1048576K
}
Event: 16.269 GC heap before
{Heap before GC invocations=12 (full 3):
 PSYoungGen      total 305664K, used 17403K [0x00000000e0000000, 0x00000000f6680000, 0x0000000100000000)
  eden space 288256K, 0% used [0x00000000e0000000,0x00000000e0000000,0x00000000f1980000)
  from space 17408K, 99% used [0x00000000f4480000,0x00000000f557ec98,0x00000000f5580000)
  to   space 13824K, 0% used [0x00000000f5900000,0x00000000f5900000,0x00000000f6680000)
 ParOldGen       total 99328K, used 28126K [0x00000000a0000000, 0x00000000a6100000, 0x00000000e0000000)
  object space 99328K, 28% used [0x00000000a0000000,0x00000000a1b778b0,0x00000000a6100000)
 Metaspace       used 56646K, capacity 58946K, committed 59028K, reserved 1099776K
  class space    used 7402K, capacity 7925K, committed 7936K, reserved 1048576K
Event: 16.578 GC heap after
Heap after GC invocations=12 (full 3):
 PSYoungGen      total 305664K, used 0K [0x00000000e0000000, 0x00000000f6680000, 0x0000000100000000)
  eden space 288256K, 0% used [0x00000000e0000000,0x00000000e0000000,0x00000000f1980000)
  from space 17408K, 0% used [0x00000000f4480000,0x00000000f4480000,0x00000000f5580000)
  to   space 13824K, 0% used [0x00000000f5900000,0x00000000f5900000,0x00000000f6680000)
 ParOldGen       total 99328K, used 38748K [0x00000000a0000000, 0x00000000a6100000, 0x00000000e0000000)
  object space 99328K, 39% used [0x00000000a0000000,0x00000000a25d73c8,0x00000000a6100000)
 Metaspace       used 56599K, capacity 58802K, committed 59028K, reserved 1099776K
  class space    used 7390K, capacity 7881K, committed 7936K, reserved 1048576K
}

