# JRE version: OpenJDK Runtime Environment (8.0_242-b01) (build 1.8.0_242-release-1644-b01)
# Java VM: OpenJDK 64-Bit Server VM (25.242-b01 mixed mode windows-amd64 compressed oops)
Heap:
 PSYoungGen      total 364032K, used 60718K [0x00000000e0000000, 0x00000000fdf80000, 0x0000000100000000)
  eden space 347648K, 17% used [0x00000000e0000000,0x00000000e3b4b900,0x00000000f5380000)
  from space 16384K, 0% used [0x00000000f5380000,0x00000000f5380000,0x00000000f6380000)
  to   space 22528K, 0% used [0x00000000fc980000,0x00000000fc980000,0x00000000fdf80000)
 ParOldGen       total 87040K, used 39809K [0x00000000a0000000, 0x00000000a5500000, 0x00000000e0000000)
  object space 87040K, 45% used [0x00000000a0000000,0x00000000a26e0508,0x00000000a5500000)
 Metaspace       used 57783K, capacity 60140K, committed 60376K, reserved 1101824K
  class space    used 7573K, capacity 8131K, committed 8192K, reserved 1048576K
GC Heap History (10 events):
Event: 6.406 GC heap before
{Heap before GC invocations=8 (full 1):
 PSYoungGen      total 199168K, used 75938K [0x00000000e0000000, 0x00000000ed700000, 0x0000000100000000)
  eden space 187392K, 34% used [0x00000000e0000000,0x00000000e3f02958,0x00000000eb700000)
  from space 11776K, 96% used [0x00000000ecb80000,0x00000000ed6a6010,0x00000000ed700000)
  to   space 13312K, 0% used [0x00000000ebd00000,0x00000000ebd00000,0x00000000eca00000)
 ParOldGen       total 62976K, used 7178K [0x00000000a0000000, 0x00000000a3d80000, 0x00000000e0000000)
  object space 62976K, 11% used [0x00000000a0000000,0x00000000a0702898,0x00000000a3d80000)
 Metaspace       used 34011K, capacity 35278K, committed 35416K, reserved 1079296K
  class space    used 4597K, capacity 4912K, committed 4992K, reserved 1048576K
Event: 6.430 GC heap after
Heap after GC invocations=8 (full 1):
 PSYoungGen      total 206848K, used 10497K [0x00000000e0000000, 0x00000000f7380000, 0x0000000100000000)
  eden space 193536K, 0% used [0x00000000e0000000,0x00000000e0000000,0x00000000ebd00000)
  from space 13312K, 78% used [0x00000000ebd00000,0x00000000ec7407e0,0x00000000eca00000)
  to   space 13824K, 0% used [0x00000000f6600000,0x00000000f6600000,0x00000000f7380000)
 ParOldGen       total 62976K, used 7186K [0x00000000a0000000, 0x00000000a3d80000, 0x00000000e0000000)
  object space 62976K, 11% used [0x00000000a0000000,0x00000000a0704898,0x00000000a3d80000)
 Metaspace       used 34011K, capacity 35278K, committed 35416K, reserved 1079296K
  class space    used 4597K, capacity 4912K, committed 4992K, reserved 1048576K
}
Event: 6.430 GC heap before
{Heap before GC invocations=9 (full 2):
 PSYoungGen      total 206848K, used 10497K [0x00000000e0000000, 0x00000000f7380000, 0x0000000100000000)
  eden space 193536K, 0% used [0x00000000e0000000,0x00000000e0000000,0x00000000ebd00000)
  from space 13312K, 78% used [0x00000000ebd00000,0x00000000ec7407e0,0x00000000eca00000)
  to   space 13824K, 0% used [0x00000000f6600000,0x00000000f6600000,0x00000000f7380000)
 ParOldGen       total 62976K, used 7186K [0x00000000a0000000, 0x00000000a3d80000, 0x00000000e0000000)
  object space 62976K, 11% used [0x00000000a0000000,0x00000000a0704898,0x00000000a3d80000)
 Metaspace       used 34011K, capacity 35278K, committed 35416K, reserved 1079296K
  class space    used 4597K, capacity 4912K, committed 4992K, reserved 1048576K
Event: 6.602 GC heap after
Heap after GC invocations=9 (full 2):
 PSYoungGen      total 206848K, used 0K [0x00000000e0000000, 0x00000000f7380000, 0x0000000100000000)
  eden space 193536K, 0% used [0x00000000e0000000,0x00000000e0000000,0x00000000ebd00000)
  from space 13312K, 0% used [0x00000000ebd00000,0x00000000ebd00000,0x00000000eca00000)
  to   space 13824K, 0% used [0x00000000f6600000,0x00000000f6600000,0x00000000f7380000)
 ParOldGen       total 87040K, used 16840K [0x00000000a0000000, 0x00000000a5500000, 0x00000000e0000000)
  object space 87040K, 19% used [0x00000000a0000000,0x00000000a1072128,0x00000000a5500000)
 Metaspace       used 34011K, capacity 35278K, committed 35416K, reserved 1079296K
  class space    used 4597K, capacity 4912K, committed 4992K, reserved 1048576K
}
Event: 9.141 GC heap before
{Heap before GC invocations=10 (full 2):
 PSYoungGen      total 206848K, used 193536K [0x00000000e0000000, 0x00000000f7380000, 0x0000000100000000)
  eden space 193536K, 100% used [0x00000000e0000000,0x00000000ebd00000,0x00000000ebd00000)
  from space 13312K, 0% used [0x00000000ebd00000,0x00000000ebd00000,0x00000000eca00000)
  to   space 13824K, 0% used [0x00000000f6600000,0x00000000f6600000,0x00000000f7380000)
 ParOldGen       total 87040K, used 16840K [0x00000000a0000000, 0x00000000a5500000, 0x00000000e0000000)
  object space 87040K, 19% used [0x00000000a0000000,0x00000000a1072128,0x00000000a5500000)
 Metaspace       used 42671K, capacity 44684K, committed 44888K, reserved 1087488K
  class space    used 5738K, capacity 6208K, committed 6272K, reserved 1048576K
Event: 9.167 GC heap after
Heap after GC invocations=10 (full 2):
 PSYoungGen      total 338432K, used 13817K [0x00000000e0000000, 0x00000000f7380000, 0x0000000100000000)
  eden space 324608K, 0% used [0x00000000e0000000,0x00000000e0000000,0x00000000f3d00000)
  from space 13824K, 99% used [0x00000000f6600000,0x00000000f737e658,0x00000000f7380000)
  to   space 16384K, 0% used [0x00000000f5380000,0x00000000f5380000,0x00000000f6380000)
 ParOldGen       total 87040K, used 19392K [0x00000000a0000000, 0x00000000a5500000, 0x00000000e0000000)
  object space 87040K, 22% used [0x00000000a0000000,0x00000000a12f0360,0x00000000a5500000)
 Metaspace       used 42671K, capacity 44684K, committed 44888K, reserved 1087488K
  class space    used 5738K, capacity 6208K, committed 6272K, reserved 1048576K
}
Event: 11.438 GC heap before
{Heap before GC invocations=11 (full 2):
 PSYoungGen      total 338432K, used 152235K [0x00000000e0000000, 0x00000000f7380000, 0x0000000100000000)
  eden space 324608K, 42% used [0x00000000e0000000,0x00000000e872c7c0,0x00000000f3d00000)
  from space 13824K, 99% used [0x00000000f6600000,0x00000000f737e658,0x00000000f7380000)
  to   space 16384K, 0% used [0x00000000f5380000,0x00000000f5380000,0x00000000f6380000)
 ParOldGen       total 87040K, used 19392K [0x00000000a0000000, 0x00000000a5500000, 0x00000000e0000000)
  object space 87040K, 22% used [0x00000000a0000000,0x00000000a12f0360,0x00000000a5500000)
 Metaspace       used 56639K, capacity 58924K, committed 59028K, reserved 1099776K
  class space    used 7411K, capacity 7922K, committed 7936K, reserved 1048576K
Event: 11.470 GC heap after
Heap after GC invocations=11 (full 2):
 PSYoungGen      total 364032K, used 16376K [0x00000000e0000000, 0x00000000fdf80000, 0x0000000100000000)
  eden space 347648K, 0% used [0x00000000e0000000,0x00000000e0000000,0x00000000f5380000)
  from space 16384K, 99% used [0x00000000f5380000,0x00000000f637e3e0,0x00000000f6380000)
  to   space 22528K, 0% used [0x00000000fc980000,0x00000000fc980000,0x00000000fdf80000)
 ParOldGen       total 87040K, used 29136K [0x00000000a0000000, 0x00000000a5500000, 0x00000000e0000000)
  object space 87040K, 33% used [0x00000000a0000000,0x00000000a1c740b0,0x00000000a5500000)
 Metaspace       used 56639K, capacity 58924K, committed 59028K, reserved 1099776K
  class space    used 7411K, capacity 7922K, committed 7936K, reserved 1048576K
}
Event: 11.470 GC heap before
{Heap before GC invocations=12 (full 3):
 PSYoungGen      total 364032K, used 16376K [0x00000000e0000000, 0x00000000fdf80000, 0x0000000100000000)
  eden space 347648K, 0% used [0x00000000e0000000,0x00000000e0000000,0x00000000f5380000)
  from space 16384K, 99% used [0x00000000f5380000,0x00000000f637e3e0,0x00000000f6380000)
  to   space 22528K, 0% used [0x00000000fc980000,0x00000000fc980000,0x00000000fdf80000)
 ParOldGen       total 87040K, used 29136K [0x00000000a0000000, 0x00000000a5500000, 0x00000000e0000000)
  object space 87040K, 33% used [0x00000000a0000000,0x00000000a1c740b0,0x00000000a5500000)
 Metaspace       used 56639K, capacity 58924K, committed 59028K, reserved 1099776K
  class space    used 7411K, capacity 7922K, committed 7936K, reserved 1048576K
Event: 11.795 GC heap after
Heap after GC invocations=12 (full 3):
 PSYoungGen      total 364032K, used 0K [0x00000000e0000000, 0x00000000fdf80000, 0x0000000100000000)
  eden space 347648K, 0% used [0x00000000e0000000,0x00000000e0000000,0x00000000f5380000)
  from space 16384K, 0% used [0x00000000f5380000,0x00000000f5380000,0x00000000f6380000)
  to   space 22528K, 0% used [0x00000000fc980000,0x00000000fc980000,0x00000000fdf80000)
 ParOldGen       total 87040K, used 39809K [0x00000000a0000000, 0x00000000a5500000, 0x00000000e0000000)
  object space 87040K, 45% used [0x00000000a0000000,0x00000000a26e0508,0x00000000a5500000)
 Metaspace       used 56602K, capacity 58798K, committed 59028K, reserved 1099776K
  class space    used 7402K, capacity 7881K, committed 7936K, reserved 1048576K
}

