# JRE version: OpenJDK Runtime Environment (8.0_242-b01) (build 1.8.0_242-release-1644-b01)
# Java VM: OpenJDK 64-Bit Server VM (25.242-b01 mixed mode windows-amd64 compressed oops)
Heap:
 PSYoungGen      total 393728K, used 96231K [0x00000000e0000000, 0x00000000f9e00000, 0x0000000100000000)
  eden space 366592K, 20% used [0x00000000e0000000,0x00000000e4922548,0x00000000f6600000)
  from space 27136K, 78% used [0x00000000f8380000,0x00000000f98577c0,0x00000000f9e00000)
  to   space 28672K, 0% used [0x00000000f6600000,0x00000000f6600000,0x00000000f8200000)
 ParOldGen       total 136704K, used 55821K [0x00000000a0000000, 0x00000000a8580000, 0x00000000e0000000)
  object space 136704K, 40% used [0x00000000a0000000,0x00000000a3683478,0x00000000a8580000)
 Metaspace       used 84693K, capacity 88766K, committed 88920K, reserved 1126400K
  class space    used 11277K, capacity 12120K, committed 12160K, reserved 1048576K
GC Heap History (10 events):
Event: 13.047 GC heap before
{Heap before GC invocations=13 (full 3):
 PSYoungGen      total 247296K, used 15848K [0x00000000e0000000, 0x00000000f0c80000, 0x0000000100000000)
  eden space 231424K, 0% used [0x00000000e0000000,0x00000000e0000000,0x00000000ee200000)
  from space 15872K, 99% used [0x00000000ef700000,0x00000000f067a3d0,0x00000000f0680000)
  to   space 21504K, 0% used [0x00000000ee200000,0x00000000ee200000,0x00000000ef700000)
 ParOldGen       total 87552K, used 26928K [0x00000000a0000000, 0x00000000a5580000, 0x00000000e0000000)
  object space 87552K, 30% used [0x00000000a0000000,0x00000000a1a4c250,0x00000000a5580000)
 Metaspace       used 56591K, capacity 58842K, committed 59028K, reserved 1099776K
  class space    used 7413K, capacity 7933K, committed 7936K, reserved 1048576K
Event: 13.381 GC heap after
Heap after GC invocations=13 (full 3):
 PSYoungGen      total 247296K, used 0K [0x00000000e0000000, 0x00000000f0c80000, 0x0000000100000000)
  eden space 231424K, 0% used [0x00000000e0000000,0x00000000e0000000,0x00000000ee200000)
  from space 15872K, 0% used [0x00000000ef700000,0x00000000ef700000,0x00000000f0680000)
  to   space 21504K, 0% used [0x00000000ee200000,0x00000000ee200000,0x00000000ef700000)
 ParOldGen       total 136704K, used 40350K [0x00000000a0000000, 0x00000000a8580000, 0x00000000e0000000)
  object space 136704K, 29% used [0x00000000a0000000,0x00000000a2767938,0x00000000a8580000)
 Metaspace       used 56517K, capacity 58678K, committed 59028K, reserved 1099776K
  class space    used 7392K, capacity 7881K, committed 7936K, reserved 1048576K
}
Event: 17.151 GC heap before
{Heap before GC invocations=14 (full 3):
 PSYoungGen      total 247296K, used 231424K [0x00000000e0000000, 0x00000000f0c80000, 0x0000000100000000)
  eden space 231424K, 100% used [0x00000000e0000000,0x00000000ee200000,0x00000000ee200000)
  from space 15872K, 0% used [0x00000000ef700000,0x00000000ef700000,0x00000000f0680000)
  to   space 21504K, 0% used [0x00000000ee200000,0x00000000ee200000,0x00000000ef700000)
 ParOldGen       total 136704K, used 40350K [0x00000000a0000000, 0x00000000a8580000, 0x00000000e0000000)
  object space 136704K, 29% used [0x00000000a0000000,0x00000000a2767938,0x00000000a8580000)
 Metaspace       used 68386K, capacity 71260K, committed 71512K, reserved 1112064K
  class space    used 9189K, capacity 9798K, committed 9856K, reserved 1048576K
Event: 17.184 GC heap after
Heap after GC invocations=14 (full 3):
 PSYoungGen      total 252928K, used 21488K [0x00000000e0000000, 0x00000000f5680000, 0x0000000100000000)
  eden space 231424K, 0% used [0x00000000e0000000,0x00000000e0000000,0x00000000ee200000)
  from space 21504K, 99% used [0x00000000ee200000,0x00000000ef6fc1c8,0x00000000ef700000)
  to   space 25088K, 0% used [0x00000000f3e00000,0x00000000f3e00000,0x00000000f5680000)
 ParOldGen       total 136704K, used 41757K [0x00000000a0000000, 0x00000000a8580000, 0x00000000e0000000)
  object space 136704K, 30% used [0x00000000a0000000,0x00000000a28c7628,0x00000000a8580000)
 Metaspace       used 68386K, capacity 71260K, committed 71512K, reserved 1112064K
  class space    used 9189K, capacity 9798K, committed 9856K, reserved 1048576K
}
Event: 21.224 GC heap before
{Heap before GC invocations=15 (full 3):
 PSYoungGen      total 252928K, used 252912K [0x00000000e0000000, 0x00000000f5680000, 0x0000000100000000)
  eden space 231424K, 100% used [0x00000000e0000000,0x00000000ee200000,0x00000000ee200000)
  from space 21504K, 99% used [0x00000000ee200000,0x00000000ef6fc1c8,0x00000000ef700000)
  to   space 25088K, 0% used [0x00000000f3e00000,0x00000000f3e00000,0x00000000f5680000)
 ParOldGen       total 136704K, used 41757K [0x00000000a0000000, 0x00000000a8580000, 0x00000000e0000000)
  object space 136704K, 30% used [0x00000000a0000000,0x00000000a28c7628,0x00000000a8580000)
 Metaspace       used 78110K, capacity 81674K, committed 82008K, reserved 1120256K
  class space    used 10520K, capacity 11292K, committed 11392K, reserved 1048576K
Event: 21.282 GC heap after
Heap after GC invocations=15 (full 3):
 PSYoungGen      total 315392K, used 18099K [0x00000000e0000000, 0x00000000f5280000, 0x0000000100000000)
  eden space 294400K, 0% used [0x00000000e0000000,0x00000000e0000000,0x00000000f1f80000)
  from space 20992K, 86% used [0x00000000f3e00000,0x00000000f4facf50,0x00000000f5280000)
  to   space 26112K, 0% used [0x00000000f1f80000,0x00000000f1f80000,0x00000000f3900000)
 ParOldGen       total 136704K, used 55805K [0x00000000a0000000, 0x00000000a8580000, 0x00000000e0000000)
  object space 136704K, 40% used [0x00000000a0000000,0x00000000a367f478,0x00000000a8580000)
 Metaspace       used 78110K, capacity 81674K, committed 82008K, reserved 1120256K
  class space    used 10520K, capacity 11292K, committed 11392K, reserved 1048576K
}
Event: 23.472 GC heap before
{Heap before GC invocations=16 (full 3):
 PSYoungGen      total 315392K, used 312499K [0x00000000e0000000, 0x00000000f5280000, 0x0000000100000000)
  eden space 294400K, 100% used [0x00000000e0000000,0x00000000f1f80000,0x00000000f1f80000)
  from space 20992K, 86% used [0x00000000f3e00000,0x00000000f4facf50,0x00000000f5280000)
  to   space 26112K, 0% used [0x00000000f1f80000,0x00000000f1f80000,0x00000000f3900000)
 ParOldGen       total 136704K, used 55805K [0x00000000a0000000, 0x00000000a8580000, 0x00000000e0000000)
  object space 136704K, 40% used [0x00000000a0000000,0x00000000a367f478,0x00000000a8580000)
 Metaspace       used 78725K, capacity 82328K, committed 82520K, reserved 1120256K
  class space    used 10539K, capacity 11297K, committed 11392K, reserved 1048576K
Event: 23.517 GC heap after
Heap after GC invocations=16 (full 3):
 PSYoungGen      total 320512K, used 18453K [0x00000000e0000000, 0x00000000f9e00000, 0x0000000100000000)
  eden space 294400K, 0% used [0x00000000e0000000,0x00000000e0000000,0x00000000f1f80000)
  from space 26112K, 70% used [0x00000000f1f80000,0x00000000f31854d0,0x00000000f3900000)
  to   space 27136K, 0% used [0x00000000f8380000,0x00000000f8380000,0x00000000f9e00000)
 ParOldGen       total 136704K, used 55813K [0x00000000a0000000, 0x00000000a8580000, 0x00000000e0000000)
  object space 136704K, 40% used [0x00000000a0000000,0x00000000a3681478,0x00000000a8580000)
 Metaspace       used 78725K, capacity 82328K, committed 82520K, reserved 1120256K
  class space    used 10539K, capacity 11297K, committed 11392K, reserved 1048576K
}
Event: 26.015 GC heap before
{Heap before GC invocations=17 (full 3):
 PSYoungGen      total 320512K, used 312853K [0x00000000e0000000, 0x00000000f9e00000, 0x0000000100000000)
  eden space 294400K, 100% used [0x00000000e0000000,0x00000000f1f80000,0x00000000f1f80000)
  from space 26112K, 70% used [0x00000000f1f80000,0x00000000f31854d0,0x00000000f3900000)
  to   space 27136K, 0% used [0x00000000f8380000,0x00000000f8380000,0x00000000f9e00000)
 ParOldGen       total 136704K, used 55813K [0x00000000a0000000, 0x00000000a8580000, 0x00000000e0000000)
  object space 136704K, 40% used [0x00000000a0000000,0x00000000a3681478,0x00000000a8580000)
 Metaspace       used 83214K, capacity 86874K, committed 87128K, reserved 1124352K
  class space    used 11084K, capacity 11854K, committed 11904K, reserved 1048576K
Event: 26.072 GC heap after
Heap after GC invocations=17 (full 3):
 PSYoungGen      total 393728K, used 21341K [0x00000000e0000000, 0x00000000f9e00000, 0x0000000100000000)
  eden space 366592K, 0% used [0x00000000e0000000,0x00000000e0000000,0x00000000f6600000)
  from space 27136K, 78% used [0x00000000f8380000,0x00000000f98577c0,0x00000000f9e00000)
  to   space 28672K, 0% used [0x00000000f6600000,0x00000000f6600000,0x00000000f8200000)
 ParOldGen       total 136704K, used 55821K [0x00000000a0000000, 0x00000000a8580000, 0x00000000e0000000)
  object space 136704K, 40% used [0x00000000a0000000,0x00000000a3683478,0x00000000a8580000)
 Metaspace       used 83214K, capacity 86874K, committed 87128K, reserved 1124352K
  class space    used 11084K, capacity 11854K, committed 11904K, reserved 1048576K
}

