# JRE version: OpenJDK Runtime Environment (8.0_242-b01) (build 1.8.0_242-release-1644-b01)
# Java VM: OpenJDK 64-Bit Server VM (25.242-b01 mixed mode windows-amd64 compressed oops)
Heap:
 PSYoungGen      total 441344K, used 428832K [0x00000000e0000000, 0x00000000fcc00000, 0x0000000100000000)
  eden space 411648K, 96% used [0x00000000e0000000,0x00000000f85c8a88,0x00000000f9200000)
  from space 29696K, 99% used [0x00000000f9200000,0x00000000faeff900,0x00000000faf00000)
  to   space 16384K, 0% used [0x00000000fbc00000,0x00000000fbc00000,0x00000000fcc00000)
 ParOldGen       total 141824K, used 97684K [0x00000000a0000000, 0x00000000a8a80000, 0x00000000e0000000)
  object space 141824K, 68% used [0x00000000a0000000,0x00000000a5f65080,0x00000000a8a80000)
 Metaspace       used 98439K, capacity 103298K, committed 103372K, reserved 1138688K
  class space    used 12744K, capacity 13800K, committed 13812K, reserved 1048576K
GC Heap History (10 events):
Event: 29.455 GC heap before
{Heap before GC invocations=17 (full 3):
 PSYoungGen      total 304640K, used 304632K [0x00000000e0000000, 0x00000000f8d00000, 0x0000000100000000)
  eden space 278528K, 100% used [0x00000000e0000000,0x00000000f1000000,0x00000000f1000000)
  from space 26112K, 99% used [0x00000000f1000000,0x00000000f297e2b0,0x00000000f2980000)
  to   space 32256K, 0% used [0x00000000f6d80000,0x00000000f6d80000,0x00000000f8d00000)
 ParOldGen       total 141824K, used 61456K [0x00000000a0000000, 0x00000000a8a80000, 0x00000000e0000000)
  object space 141824K, 43% used [0x00000000a0000000,0x00000000a3c04310,0x00000000a8a80000)
 Metaspace       used 85256K, capacity 89350K, committed 89560K, reserved 1126400K
  class space    used 11391K, capacity 12253K, committed 12288K, reserved 1048576K
Event: 29.532 GC heap after
Heap after GC invocations=17 (full 3):
 PSYoungGen      total 374784K, used 7622K [0x00000000e0000000, 0x00000000f9980000, 0x0000000100000000)
  eden space 342528K, 0% used [0x00000000e0000000,0x00000000e0000000,0x00000000f4e80000)
  from space 32256K, 23% used [0x00000000f6d80000,0x00000000f74f1978,0x00000000f8d00000)
  to   space 31744K, 0% used [0x00000000f4e80000,0x00000000f4e80000,0x00000000f6d80000)
 ParOldGen       total 141824K, used 87221K [0x00000000a0000000, 0x00000000a8a80000, 0x00000000e0000000)
  object space 141824K, 61% used [0x00000000a0000000,0x00000000a552d4d0,0x00000000a8a80000)
 Metaspace       used 85256K, capacity 89350K, committed 89560K, reserved 1126400K
  class space    used 11391K, capacity 12253K, committed 12288K, reserved 1048576K
}
Event: 40.223 GC heap before
{Heap before GC invocations=18 (full 3):
 PSYoungGen      total 374784K, used 350150K [0x00000000e0000000, 0x00000000f9980000, 0x0000000100000000)
  eden space 342528K, 100% used [0x00000000e0000000,0x00000000f4e80000,0x00000000f4e80000)
  from space 32256K, 23% used [0x00000000f6d80000,0x00000000f74f1978,0x00000000f8d00000)
  to   space 31744K, 0% used [0x00000000f4e80000,0x00000000f4e80000,0x00000000f6d80000)
 ParOldGen       total 141824K, used 87221K [0x00000000a0000000, 0x00000000a8a80000, 0x00000000e0000000)
  object space 141824K, 61% used [0x00000000a0000000,0x00000000a552d4d0,0x00000000a8a80000)
 Metaspace       used 92029K, capacity 96594K, committed 96856K, reserved 1132544K
  class space    used 12148K, capacity 13096K, committed 13184K, reserved 1048576K
Event: 40.239 GC heap after
Heap after GC invocations=18 (full 3):
 PSYoungGen      total 374272K, used 8960K [0x00000000e0000000, 0x00000000fda00000, 0x0000000100000000)
  eden space 342528K, 0% used [0x00000000e0000000,0x00000000e0000000,0x00000000f4e80000)
  from space 31744K, 28% used [0x00000000f4e80000,0x00000000f57403f8,0x00000000f6d80000)
  to   space 30720K, 0% used [0x00000000fbc00000,0x00000000fbc00000,0x00000000fda00000)
 ParOldGen       total 141824K, used 87229K [0x00000000a0000000, 0x00000000a8a80000, 0x00000000e0000000)
  object space 141824K, 61% used [0x00000000a0000000,0x00000000a552f4d0,0x00000000a8a80000)
 Metaspace       used 92029K, capacity 96594K, committed 96856K, reserved 1132544K
  class space    used 12148K, capacity 13096K, committed 13184K, reserved 1048576K
}
Event: 52.539 GC heap before
{Heap before GC invocations=19 (full 3):
 PSYoungGen      total 374272K, used 311742K [0x00000000e0000000, 0x00000000fda00000, 0x0000000100000000)
  eden space 342528K, 88% used [0x00000000e0000000,0x00000000f27af5e8,0x00000000f4e80000)
  from space 31744K, 28% used [0x00000000f4e80000,0x00000000f57403f8,0x00000000f6d80000)
  to   space 30720K, 0% used [0x00000000fbc00000,0x00000000fbc00000,0x00000000fda00000)
 ParOldGen       total 141824K, used 87229K [0x00000000a0000000, 0x00000000a8a80000, 0x00000000e0000000)
  object space 141824K, 61% used [0x00000000a0000000,0x00000000a552f4d0,0x00000000a8a80000)
 Metaspace       used 93387K, capacity 98226K, committed 98380K, reserved 1134592K
  class space    used 12239K, capacity 13314K, committed 13428K, reserved 1048576K
Event: 52.573 GC heap after
Heap after GC invocations=19 (full 3):
 PSYoungGen      total 428032K, used 8368K [0x00000000e0000000, 0x00000000fcc00000, 0x0000000100000000)
  eden space 411648K, 0% used [0x00000000e0000000,0x00000000e0000000,0x00000000f9200000)
  from space 16384K, 51% used [0x00000000fbc00000,0x00000000fc42c010,0x00000000fcc00000)
  to   space 29696K, 0% used [0x00000000f9200000,0x00000000f9200000,0x00000000faf00000)
 ParOldGen       total 141824K, used 87301K [0x00000000a0000000, 0x00000000a8a80000, 0x00000000e0000000)
  object space 141824K, 61% used [0x00000000a0000000,0x00000000a55414e0,0x00000000a8a80000)
 Metaspace       used 93387K, capacity 98226K, committed 98380K, reserved 1134592K
  class space    used 12239K, capacity 13314K, committed 13428K, reserved 1048576K
}
Event: 52.573 GC heap before
{Heap before GC invocations=20 (full 4):
 PSYoungGen      total 428032K, used 8368K [0x00000000e0000000, 0x00000000fcc00000, 0x0000000100000000)
  eden space 411648K, 0% used [0x00000000e0000000,0x00000000e0000000,0x00000000f9200000)
  from space 16384K, 51% used [0x00000000fbc00000,0x00000000fc42c010,0x00000000fcc00000)
  to   space 29696K, 0% used [0x00000000f9200000,0x00000000f9200000,0x00000000faf00000)
 ParOldGen       total 141824K, used 87301K [0x00000000a0000000, 0x00000000a8a80000, 0x00000000e0000000)
  object space 141824K, 61% used [0x00000000a0000000,0x00000000a55414e0,0x00000000a8a80000)
 Metaspace       used 93387K, capacity 98226K, committed 98380K, reserved 1134592K
  class space    used 12239K, capacity 13314K, committed 13428K, reserved 1048576K
Event: 52.933 GC heap after
Heap after GC invocations=20 (full 4):
 PSYoungGen      total 428032K, used 0K [0x00000000e0000000, 0x00000000fcc00000, 0x0000000100000000)
  eden space 411648K, 0% used [0x00000000e0000000,0x00000000e0000000,0x00000000f9200000)
  from space 16384K, 0% used [0x00000000fbc00000,0x00000000fbc00000,0x00000000fcc00000)
  to   space 29696K, 0% used [0x00000000f9200000,0x00000000f9200000,0x00000000faf00000)
 ParOldGen       total 141824K, used 63486K [0x00000000a0000000, 0x00000000a8a80000, 0x00000000e0000000)
  object space 141824K, 44% used [0x00000000a0000000,0x00000000a3dffa68,0x00000000a8a80000)
 Metaspace       used 93254K, capacity 97830K, committed 98380K, reserved 1134592K
  class space    used 12199K, capacity 13218K, committed 13428K, reserved 1048576K
}
Event: 59.631 GC heap before
{Heap before GC invocations=21 (full 4):
 PSYoungGen      total 428032K, used 411648K [0x00000000e0000000, 0x00000000fcc00000, 0x0000000100000000)
  eden space 411648K, 100% used [0x00000000e0000000,0x00000000f9200000,0x00000000f9200000)
  from space 16384K, 0% used [0x00000000fbc00000,0x00000000fbc00000,0x00000000fcc00000)
  to   space 29696K, 0% used [0x00000000f9200000,0x00000000f9200000,0x00000000faf00000)
 ParOldGen       total 141824K, used 63676K [0x00000000a0000000, 0x00000000a8a80000, 0x00000000e0000000)
  object space 141824K, 44% used [0x00000000a0000000,0x00000000a3e2f3f0,0x00000000a8a80000)
 Metaspace       used 97831K, capacity 102636K, committed 102860K, reserved 1138688K
  class space    used 12705K, capacity 13759K, committed 13812K, reserved 1048576K
Event: 59.679 GC heap after
Heap after GC invocations=21 (full 4):
 PSYoungGen      total 441344K, used 29694K [0x00000000e0000000, 0x00000000fcc00000, 0x0000000100000000)
  eden space 411648K, 0% used [0x00000000e0000000,0x00000000e0000000,0x00000000f9200000)
  from space 29696K, 99% used [0x00000000f9200000,0x00000000faeff900,0x00000000faf00000)
  to   space 16384K, 0% used [0x00000000fbc00000,0x00000000fbc00000,0x00000000fcc00000)
 ParOldGen       total 141824K, used 97684K [0x00000000a0000000, 0x00000000a8a80000, 0x00000000e0000000)
  object space 141824K, 68% used [0x00000000a0000000,0x00000000a5f65080,0x00000000a8a80000)
 Metaspace       used 97831K, capacity 102636K, committed 102860K, reserved 1138688K
  class space    used 12705K, capacity 13759K, committed 13812K, reserved 1048576K
}

